2023-06-11 09:36:41,199 [INFO] Activator:176 - 


2023-06-11 09:36:41,201 [INFO] Activator:177 - !SESSION log4j initialized
2023-06-11 09:36:42,854 [ERROR] LogOutputStream:75 - [STDERR_REDIRECT] 
2023-06-11 09:36:45,192 [INFO] LogOutputStream:77 - [STDOUT_REDIRECT] 
2023-06-11 09:37:06,809 [ERROR] LogOutputStream:75 - [STDERR_REDIRECT] SLF4J: Failed to load class "org.slf4j.impl.StaticLoggerBinder".
2023-06-11 09:37:06,810 [ERROR] LogOutputStream:75 - [STDERR_REDIRECT] SLF4J: Defaulting to no-operation (NOP) logger implementation
2023-06-11 09:37:06,810 [ERROR] LogOutputStream:75 - [STDERR_REDIRECT] SLF4J: See http://www.slf4j.org/codes.html#StaticLoggerBinder for further details.
2023-06-11 09:44:43,922 [INFO] Activator:176 - 


2023-06-11 09:44:43,924 [INFO] Activator:177 - !SESSION log4j initialized
2023-06-11 09:44:46,142 [ERROR] LogOutputStream:75 - [STDERR_REDIRECT] 
2023-06-11 09:44:48,890 [INFO] LogOutputStream:77 - [STDOUT_REDIRECT] 
2023-06-11 09:45:10,465 [ERROR] LogOutputStream:75 - [STDERR_REDIRECT] SLF4J: Failed to load class "org.slf4j.impl.StaticLoggerBinder".
2023-06-11 09:45:10,466 [ERROR] LogOutputStream:75 - [STDERR_REDIRECT] SLF4J: Defaulting to no-operation (NOP) logger implementation
2023-06-11 09:45:10,467 [ERROR] LogOutputStream:75 - [STDERR_REDIRECT] SLF4J: See http://www.slf4j.org/codes.html#StaticLoggerBinder for further details.
2023-06-11 09:45:21,603 [INFO] McuFinderGlobals:53 - Set McuFinder mode to 2 (CubeIDE integrated)
2023-06-11 09:45:21,621 [ERROR] LogOutputStream:75 - [STDERR_REDIRECT] java.net.URISyntaxException: Illegal character in path at index 36: file:/Users/jberjano/Documents/Other Repos/Embedded-C/my_workspace/target/.metadata/.log4j2.xml
2023-06-11 09:45:21,623 [ERROR] LogOutputStream:75 - [STDERR_REDIRECT] 	at java.base/java.net.URI$Parser.fail(URI.java:2913)
2023-06-11 09:45:21,624 [ERROR] LogOutputStream:75 - [STDERR_REDIRECT] 	at java.base/java.net.URI$Parser.checkChars(URI.java:3084)
2023-06-11 09:45:21,625 [ERROR] LogOutputStream:75 - [STDERR_REDIRECT] 	at java.base/java.net.URI$Parser.parseHierarchical(URI.java:3166)
2023-06-11 09:45:21,625 [ERROR] LogOutputStream:75 - [STDERR_REDIRECT] 	at java.base/java.net.URI$Parser.parse(URI.java:3114)
2023-06-11 09:45:21,625 [ERROR] LogOutputStream:75 - [STDERR_REDIRECT] 	at java.base/java.net.URI.<init>(URI.java:600)
2023-06-11 09:45:21,625 [ERROR] LogOutputStream:75 - [STDERR_REDIRECT] 	at java.base/java.net.URL.toURI(URL.java:1061)
2023-06-11 09:45:21,625 [ERROR] LogOutputStream:75 - [STDERR_REDIRECT] 	at com.st.stm32cube.common.mx.core.CubeMxInstance.getInstance(CubeMxInstance.java:81)
2023-06-11 09:45:21,625 [ERROR] LogOutputStream:75 - [STDERR_REDIRECT] 	at com.st.stm32cube.common.mx.targetselector.TargetSelectorAdapter.addTargetSelector(TargetSelectorAdapter.java:170)
2023-06-11 09:45:21,625 [ERROR] LogOutputStream:75 - [STDERR_REDIRECT] 	at com.st.stm32cube.common.projectcreation.ui.wizard.TargetSetupPageAbstract.createControl(TargetSetupPageAbstract.java:131)
2023-06-11 09:45:21,626 [ERROR] LogOutputStream:75 - [STDERR_REDIRECT] 	at org.eclipse.jface.wizard.Wizard.createPageControls(Wizard.java:178)
2023-06-11 09:45:21,626 [ERROR] LogOutputStream:75 - [STDERR_REDIRECT] 	at org.eclipse.jface.wizard.WizardDialog.createPageControls(WizardDialog.java:743)
2023-06-11 09:45:21,626 [ERROR] LogOutputStream:75 - [STDERR_REDIRECT] 	at org.eclipse.jface.wizard.WizardDialog.createContents(WizardDialog.java:635)
2023-06-11 09:45:21,626 [ERROR] LogOutputStream:75 - [STDERR_REDIRECT] 	at org.eclipse.jface.window.Window.create(Window.java:431)
2023-06-11 09:45:21,626 [ERROR] LogOutputStream:75 - [STDERR_REDIRECT] 	at org.eclipse.jface.dialogs.Dialog.create(Dialog.java:1094)
2023-06-11 09:45:21,627 [ERROR] LogOutputStream:75 - [STDERR_REDIRECT] 	at org.eclipse.ui.internal.actions.NewWizardShortcutAction.run(NewWizardShortcutAction.java:119)
2023-06-11 09:45:21,627 [ERROR] LogOutputStream:75 - [STDERR_REDIRECT] 	at org.eclipse.jface.action.Action.runWithEvent(Action.java:474)
2023-06-11 09:45:21,627 [ERROR] LogOutputStream:75 - [STDERR_REDIRECT] 	at org.eclipse.jface.action.ActionContributionItem.handleWidgetSelection(ActionContributionItem.java:580)
2023-06-11 09:45:21,627 [ERROR] LogOutputStream:75 - [STDERR_REDIRECT] 	at org.eclipse.jface.action.ActionContributionItem.lambda$4(ActionContributionItem.java:414)
2023-06-11 09:45:21,627 [ERROR] LogOutputStream:75 - [STDERR_REDIRECT] 	at org.eclipse.swt.widgets.EventTable.sendEvent(EventTable.java:89)
2023-06-11 09:45:21,627 [ERROR] LogOutputStream:75 - [STDERR_REDIRECT] 	at org.eclipse.swt.widgets.Display.sendEvent(Display.java:4579)
2023-06-11 09:45:21,627 [ERROR] LogOutputStream:75 - [STDERR_REDIRECT] 	at org.eclipse.swt.widgets.Widget.sendEvent(Widget.java:1524)
2023-06-11 09:45:21,627 [ERROR] LogOutputStream:75 - [STDERR_REDIRECT] 	at org.eclipse.swt.widgets.Widget.sendEvent(Widget.java:1547)
2023-06-11 09:45:21,628 [ERROR] LogOutputStream:75 - [STDERR_REDIRECT] 	at org.eclipse.swt.widgets.Widget.sendEvent(Widget.java:1532)
2023-06-11 09:45:21,628 [ERROR] LogOutputStream:75 - [STDERR_REDIRECT] 	at org.eclipse.swt.widgets.Widget.notifyListeners(Widget.java:1325)
2023-06-11 09:45:21,628 [ERROR] LogOutputStream:75 - [STDERR_REDIRECT] 	at org.eclipse.swt.widgets.Display.runDeferredEvents(Display.java:4365)
2023-06-11 09:45:21,628 [ERROR] LogOutputStream:75 - [STDERR_REDIRECT] 	at org.eclipse.swt.widgets.Display.readAndDispatch(Display.java:3941)
2023-06-11 09:45:21,628 [ERROR] LogOutputStream:75 - [STDERR_REDIRECT] 	at org.eclipse.e4.ui.internal.workbench.swt.PartRenderingEngine$5.run(PartRenderingEngine.java:1155)
2023-06-11 09:45:21,629 [ERROR] LogOutputStream:75 - [STDERR_REDIRECT] 	at org.eclipse.core.databinding.observable.Realm.runWithDefault(Realm.java:338)
2023-06-11 09:45:21,630 [ERROR] LogOutputStream:75 - [STDERR_REDIRECT] 	at org.eclipse.e4.ui.internal.workbench.swt.PartRenderingEngine.run(PartRenderingEngine.java:1046)
2023-06-11 09:45:21,630 [ERROR] LogOutputStream:75 - [STDERR_REDIRECT] 	at org.eclipse.e4.ui.internal.workbench.E4Workbench.createAndRunUI(E4Workbench.java:155)
2023-06-11 09:45:21,631 [ERROR] LogOutputStream:75 - [STDERR_REDIRECT] 	at org.eclipse.ui.internal.Workbench.lambda$3(Workbench.java:644)
2023-06-11 09:45:21,631 [ERROR] LogOutputStream:75 - [STDERR_REDIRECT] 	at org.eclipse.core.databinding.observable.Realm.runWithDefault(Realm.java:338)
2023-06-11 09:45:21,631 [ERROR] LogOutputStream:75 - [STDERR_REDIRECT] 	at org.eclipse.ui.internal.Workbench.createAndRunWorkbench(Workbench.java:551)
2023-06-11 09:45:21,631 [ERROR] LogOutputStream:75 - [STDERR_REDIRECT] 	at org.eclipse.ui.PlatformUI.createAndRunWorkbench(PlatformUI.java:156)
2023-06-11 09:45:21,631 [ERROR] LogOutputStream:75 - [STDERR_REDIRECT] 	at org.eclipse.ui.internal.ide.application.IDEApplication.start(IDEApplication.java:152)
2023-06-11 09:45:21,631 [ERROR] LogOutputStream:75 - [STDERR_REDIRECT] 	at org.eclipse.equinox.internal.app.EclipseAppHandle.run(EclipseAppHandle.java:203)
2023-06-11 09:45:21,631 [ERROR] LogOutputStream:75 - [STDERR_REDIRECT] 	at org.eclipse.core.runtime.internal.adaptor.EclipseAppLauncher.runApplication(EclipseAppLauncher.java:136)
2023-06-11 09:45:21,632 [ERROR] LogOutputStream:75 - [STDERR_REDIRECT] 	at org.eclipse.core.runtime.internal.adaptor.EclipseAppLauncher.start(EclipseAppLauncher.java:104)
2023-06-11 09:45:21,632 [ERROR] LogOutputStream:75 - [STDERR_REDIRECT] 	at org.eclipse.core.runtime.adaptor.EclipseStarter.run(EclipseStarter.java:401)
2023-06-11 09:45:21,632 [ERROR] LogOutputStream:75 - [STDERR_REDIRECT] 	at org.eclipse.core.runtime.adaptor.EclipseStarter.run(EclipseStarter.java:255)
2023-06-11 09:45:21,632 [ERROR] LogOutputStream:75 - [STDERR_REDIRECT] 	at java.base/jdk.internal.reflect.NativeMethodAccessorImpl.invoke0(Native Method)
2023-06-11 09:45:21,632 [ERROR] LogOutputStream:75 - [STDERR_REDIRECT] 	at java.base/jdk.internal.reflect.NativeMethodAccessorImpl.invoke(NativeMethodAccessorImpl.java:62)
2023-06-11 09:45:21,632 [ERROR] LogOutputStream:75 - [STDERR_REDIRECT] 	at java.base/jdk.internal.reflect.DelegatingMethodAccessorImpl.invoke(DelegatingMethodAccessorImpl.java:43)
2023-06-11 09:45:21,632 [ERROR] LogOutputStream:75 - [STDERR_REDIRECT] 	at java.base/java.lang.reflect.Method.invoke(Method.java:566)
2023-06-11 09:45:21,633 [ERROR] LogOutputStream:75 - [STDERR_REDIRECT] 	at org.eclipse.equinox.launcher.Main.invokeFramework(Main.java:659)
2023-06-11 09:45:21,633 [ERROR] LogOutputStream:75 - [STDERR_REDIRECT] 	at org.eclipse.equinox.launcher.Main.basicRun(Main.java:596)
2023-06-11 09:45:21,633 [ERROR] LogOutputStream:75 - [STDERR_REDIRECT] 	at org.eclipse.equinox.launcher.Main.run(Main.java:1467)
2023-06-11 09:45:21,844 [INFO] ApplicationProperties:184 - Using Application install path: /Applications/STM32CubeIDE.app/Contents/Eclipse/plugins/com.st.stm32cube.common.mx_6.8.1.202304191431
2023-06-11 09:45:21,886 [INFO] DbMcusXml:78 - Set database path to: /Applications/STM32CubeIDE.app/Contents/Eclipse/plugins/com.st.stm32cube.common.mx_6.8.1.202304191431//db//mcu/
2023-06-11 09:45:21,886 [INFO] ApiDb:274 - Set plugin database path to: /Applications/STM32CubeIDE.app/Contents/Eclipse/plugins/com.st.stm32cube.common.mx_6.8.1.202304191431//db//plugins/boardmanager/
2023-06-11 09:45:21,903 [WARN] ApiDb:259 - Overriding images path with different value:  => /Applications/STM32CubeIDE.app/Contents/Eclipse/plugins/com.st.stm32cube.common.mx_6.8.1.202304191431//db//plugins/mcufinder/images/
2023-06-11 09:45:23,034 [WARN] ApiFinderProperties:113 - /Users/jberjano/.stmcufinder/plugins/mcufinder/mcu/mcuFinder.mfd doesn't exist
2023-06-11 09:45:23,036 [INFO] ApiDb:250 - Set database path to: /Users/jberjano/.stmcufinder/plugins/mcufinder//mcu/
2023-06-11 09:45:23,044 [INFO] DbMcusAds:125 - Set database path to: /Users/jberjano/.stmcufinder/plugins/mcufinder//mcu/
2023-06-11 09:45:23,049 [INFO] CrossReferenceDbSqlite:203 - Set database path to: /Users/jberjano/.stmcufinder/plugins/mcufinder//mcu/cs/
2023-06-11 09:45:23,302 [INFO] RulesReader:64 - Compatibility file has been processed (293 Rules)
2023-06-11 09:45:23,487 [INFO] DbMcusXml:78 - Set database path to: /Applications/STM32CubeIDE.app/Contents/Eclipse/plugins/com.st.stm32cube.common.mx_6.8.1.202304191431//db//mcu/
2023-06-11 09:45:23,488 [INFO] ApiDb:274 - Set plugin database path to: /Applications/STM32CubeIDE.app/Contents/Eclipse/plugins/com.st.stm32cube.common.mx_6.8.1.202304191431//db//plugins/boardmanager/
2023-06-11 09:45:23,496 [INFO] ApiDb:261 - Set plugin images path to: /Applications/STM32CubeIDE.app/Contents/Eclipse/plugins/com.st.stm32cube.common.mx_6.8.1.202304191431//db//plugins/mcufinder/images/
2023-06-11 09:45:23,497 [WARN] DbFile:41 - Overriding database path with different value: /Users/jberjano/.stmcufinder/plugins/mcufinder/ => /Users/jberjano/.stmcufinder/plugins/mcufinder
2023-06-11 09:45:23,497 [INFO] ApiDb:250 - Set database path to: /Users/jberjano/.stmcufinder/plugins/mcufinder//mcu/
2023-06-11 09:45:23,497 [WARN] DbFile:41 - Overriding database path with different value: /Users/jberjano/.stmcufinder/plugins/mcufinder/ => /Users/jberjano/.stmcufinder/plugins/mcufinder
2023-06-11 09:45:23,497 [INFO] DbMcusAds:125 - Set database path to: /Users/jberjano/.stmcufinder/plugins/mcufinder//mcu/
2023-06-11 09:45:23,497 [WARN] DbFile:41 - Overriding database path with different value: /Users/jberjano/.stmcufinder/plugins/mcufinder/ => /Users/jberjano/.stmcufinder/plugins/mcufinder
2023-06-11 09:45:23,497 [WARN] DbFile:41 - Overriding database path with different value: /Users/jberjano/.stmcufinder/plugins/mcufinder/ => /Users/jberjano/.stmcufinder/plugins/mcufinder
2023-06-11 09:45:23,497 [INFO] CrossReferenceDbSqlite:203 - Set database path to: /Users/jberjano/.stmcufinder/plugins/mcufinder//mcu/cs/
2023-06-11 09:45:23,705 [INFO] MainPanel:253 - HeapMemory: 268435456
2023-06-11 09:45:23,817 [INFO] DbMcusXml:78 - Set database path to: /Applications/STM32CubeIDE.app/Contents/Eclipse/plugins/com.st.stm32cube.common.mx_6.8.1.202304191431//db//mcu/
2023-06-11 09:45:23,817 [INFO] ApiDb:274 - Set plugin database path to: /Applications/STM32CubeIDE.app/Contents/Eclipse/plugins/com.st.stm32cube.common.mx_6.8.1.202304191431//db//plugins/boardmanager/
2023-06-11 09:45:23,818 [INFO] ApiDb:261 - Set plugin images path to: /Applications/STM32CubeIDE.app/Contents/Eclipse/plugins/com.st.stm32cube.common.mx_6.8.1.202304191431//db//plugins/mcufinder/images/
2023-06-11 09:45:23,819 [WARN] DbFile:41 - Overriding database path with different value: /Users/jberjano/.stmcufinder/plugins/mcufinder/ => /Users/jberjano/.stmcufinder/plugins/mcufinder
2023-06-11 09:45:23,819 [INFO] ApiDb:250 - Set database path to: /Users/jberjano/.stmcufinder/plugins/mcufinder//mcu/
2023-06-11 09:45:23,819 [WARN] DbFile:41 - Overriding database path with different value: /Users/jberjano/.stmcufinder/plugins/mcufinder/ => /Users/jberjano/.stmcufinder/plugins/mcufinder
2023-06-11 09:45:23,819 [INFO] DbMcusAds:125 - Set database path to: /Users/jberjano/.stmcufinder/plugins/mcufinder//mcu/
2023-06-11 09:45:23,819 [WARN] DbFile:41 - Overriding database path with different value: /Users/jberjano/.stmcufinder/plugins/mcufinder/ => /Users/jberjano/.stmcufinder/plugins/mcufinder
2023-06-11 09:45:23,819 [WARN] DbFile:41 - Overriding database path with different value: /Users/jberjano/.stmcufinder/plugins/mcufinder/ => /Users/jberjano/.stmcufinder/plugins/mcufinder
2023-06-11 09:45:23,819 [INFO] CrossReferenceDbSqlite:203 - Set database path to: /Users/jberjano/.stmcufinder/plugins/mcufinder//mcu/cs/
2023-06-11 09:45:23,849 [INFO] ApplicationProperties:184 - Using Application install path: /Applications/STM32CubeIDE.app/Contents/Eclipse/plugins/com.st.stm32cube.common.mx_6.8.1.202304191431
2023-06-11 09:45:23,851 [INFO] PluginManage:196 - Search for loadable plugins [exclusion list=, ]
2023-06-11 09:45:23,853 [INFO] PluginManage:310 - Check plugin analytics
2023-06-11 09:45:24,347 [INFO] AnalyticsPlugin:253 - Accepted Software Licenses: 
2023-06-11 09:45:24,349 [INFO] AnalyticsPlugin:255 - Accepted CMSIS Pack Licenses: 
2023-06-11 09:45:24,351 [INFO] AnalyticsPlugin:257 - Accepted Firmware Licenses: 
2023-06-11 09:45:24,463 [INFO] PluginManage:359 - Loaded plugin analytics (category:tool,tabindex:-1)
2023-06-11 09:45:24,469 [INFO] PluginManage:310 - Check plugin cadmodel
2023-06-11 09:45:25,311 [INFO] CADModel:105 - Init CAD model plugin
2023-06-11 09:45:25,314 [INFO] PluginManage:359 - Loaded plugin cadmodel (category:power,tabindex:5)
2023-06-11 09:45:25,315 [INFO] PluginManage:310 - Check plugin clock
2023-06-11 09:45:25,393 [INFO] PluginManage:359 - Loaded plugin clock (category:base,tabindex:2)
2023-06-11 09:45:25,393 [INFO] PluginManage:310 - Check plugin ddr
2023-06-11 09:45:25,396 [INFO] PluginManage:359 - Loaded plugin ddr (category:tool,tabindex:6)
2023-06-11 09:45:25,398 [INFO] PluginManage:310 - Check plugin filemanager
2023-06-11 09:45:25,786 [INFO] PluginManage:359 - Loaded plugin filemanager (category:base,tabindex:10)
2023-06-11 09:45:25,788 [INFO] PluginManage:310 - Check plugin ipmanager
2023-06-11 09:45:25,803 [INFO] PluginManage:359 - Loaded plugin ipmanager (category:base,tabindex:5)
2023-06-11 09:45:25,804 [INFO] PluginManage:310 - Check plugin lpbam
2023-06-11 09:45:25,818 [INFO] PluginManage:359 - Loaded plugin lpbam (category:base,tabindex:0)
2023-06-11 09:45:25,818 [INFO] PluginManage:310 - Check plugin pinoutandconfiguration
2023-06-11 09:45:25,825 [INFO] PluginManage:359 - Loaded plugin pinoutandconfiguration (category:base,tabindex:1)
2023-06-11 09:45:25,825 [INFO] PluginManage:310 - Check plugin pinoutconfig
2023-06-11 09:45:25,905 [WARN] SupportedApi:132 - Cannot load RTOS API schema: s4s-elt-must-match.1: The content of 'definitions' must match (annotation?, (simpleType | complexType)?, (unique | key | keyref)*)). A problem was found starting at: attribute.
2023-06-11 09:45:26,139 [INFO] PluginManage:359 - Loaded plugin pinoutconfig (category:base,tabindex:0)
2023-06-11 09:45:26,139 [INFO] PluginManage:310 - Check plugin power
2023-06-11 09:45:26,160 [INFO] PluginManage:359 - Loaded plugin power (category:power,tabindex:4)
2023-06-11 09:45:26,209 [INFO] PluginManage:310 - Check plugin projectmanager
2023-06-11 09:45:26,340 [INFO] PluginManage:359 - Loaded plugin projectmanager (category:projectmanager,tabindex:3)
2023-06-11 09:45:26,341 [INFO] PluginManage:310 - Check plugin thirdparty
2023-06-11 09:45:26,772 [INFO] PluginManage:359 - Loaded plugin thirdparty (category:base,tabindex:-1)
2023-06-11 09:45:26,776 [INFO] PluginManage:310 - Check plugin tools
2023-06-11 09:45:26,776 [WARN] IntegrityCheckThread:84 - waiting for thirdparty lock release [integrity check]
2023-06-11 09:45:26,810 [INFO] PluginManage:359 - Loaded plugin tools (category:base,tabindex:7)
2023-06-11 09:45:26,804 [INFO] IntegrityCheckThread:86 - entering critical section [integrity check]
2023-06-11 09:45:26,810 [INFO] PluginManage:310 - Check plugin tutovideos
2023-06-11 09:45:26,843 [INFO] ThirdPartyUpdaterWithRetryManager:70 - Updater plugin not ready yet. [1/15]
2023-06-11 09:45:27,162 [INFO] PluginManage:359 - Loaded plugin tutovideos (category:base,tabindex:-1)
2023-06-11 09:45:27,163 [INFO] PluginManage:310 - Check plugin updater
2023-06-11 09:45:27,218 [INFO] PluginManage:359 - Loaded plugin updater (category:base,tabindex:12)
2023-06-11 09:45:27,220 [INFO] PluginManage:283 - PluginManage : Loaded plugins [15]
2023-06-11 09:45:27,712 [INFO] PinOutPanel:1499 - setPackage(No Configuration,No Configuration)
2023-06-11 09:45:27,780 [INFO] CADModel:165 - CPN selected for project level
2023-06-11 09:45:27,780 [INFO] CADModel:114 - Register for checkConnection events
2023-06-11 09:45:27,799 [INFO] IPUIPlugin:80 - create IPUIPlugin
2023-06-11 09:45:27,800 [INFO] PluginManager:220 - loadIPPluginJar : add mdma
2023-06-11 09:45:27,809 [INFO] IPUIPlugin:80 - create IPUIPlugin
2023-06-11 09:45:27,809 [INFO] PluginManager:220 - loadIPPluginJar : add freertos
2023-06-11 09:45:27,814 [INFO] IPUIPlugin:80 - create IPUIPlugin
2023-06-11 09:45:27,814 [INFO] PluginManager:220 - loadIPPluginJar : add gic
2023-06-11 09:45:27,821 [INFO] IPUIPlugin:80 - create IPUIPlugin
2023-06-11 09:45:27,821 [INFO] PluginManager:220 - loadIPPluginJar : add adc
2023-06-11 09:45:27,824 [INFO] IPUIPlugin:80 - create IPUIPlugin
2023-06-11 09:45:27,824 [INFO] PluginManager:220 - loadIPPluginJar : add gtzc
2023-06-11 09:45:27,825 [INFO] IPUIPlugin:80 - create IPUIPlugin
2023-06-11 09:45:27,825 [INFO] PluginManager:220 - loadIPPluginJar : add quadspi
2023-06-11 09:45:27,827 [INFO] IPUIPlugin:80 - create IPUIPlugin
2023-06-11 09:45:27,827 [INFO] PluginManager:220 - loadIPPluginJar : add aes
2023-06-11 09:45:27,829 [INFO] IPUIPlugin:80 - create IPUIPlugin
2023-06-11 09:45:27,830 [INFO] PluginManager:220 - loadIPPluginJar : add pdm2pcm
2023-06-11 09:45:27,831 [INFO] IPUIPlugin:80 - create IPUIPlugin
2023-06-11 09:45:27,831 [INFO] PluginManager:220 - loadIPPluginJar : add hash
2023-06-11 09:45:27,832 [INFO] IPUIPlugin:80 - create IPUIPlugin
2023-06-11 09:45:27,832 [INFO] PluginManager:220 - loadIPPluginJar : add tim
2023-06-11 09:45:27,834 [INFO] IPUIPlugin:80 - create IPUIPlugin
2023-06-11 09:45:27,835 [INFO] PluginManager:220 - loadIPPluginJar : add tsc
2023-06-11 09:45:27,837 [INFO] IPUIPlugin:80 - create IPUIPlugin
2023-06-11 09:45:27,837 [INFO] PluginManager:220 - loadIPPluginJar : add ts
2023-06-11 09:45:27,840 [INFO] IPUIPlugin:80 - create IPUIPlugin
2023-06-11 09:45:27,840 [INFO] PluginManager:220 - loadIPPluginJar : add can
2023-06-11 09:45:27,842 [INFO] IPUIPlugin:80 - create IPUIPlugin
2023-06-11 09:45:27,842 [INFO] PluginManager:220 - loadIPPluginJar : add dma3
2023-06-11 09:45:27,844 [INFO] IPUIPlugin:80 - create IPUIPlugin
2023-06-11 09:45:27,845 [INFO] PluginManager:220 - loadIPPluginJar : add dfsdm
2023-06-11 09:45:27,846 [INFO] IPUIPlugin:80 - create IPUIPlugin
2023-06-11 09:45:27,846 [INFO] PluginManager:220 - loadIPPluginJar : add spi
2023-06-11 09:45:27,848 [INFO] IPUIPlugin:80 - create IPUIPlugin
2023-06-11 09:45:27,848 [INFO] PluginManager:220 - loadIPPluginJar : add gfxmmu
2023-06-11 09:45:27,849 [INFO] IPUIPlugin:80 - create IPUIPlugin
2023-06-11 09:45:27,849 [INFO] PluginManager:220 - loadIPPluginJar : add genericplugin
2023-06-11 09:45:27,850 [INFO] IPUIPlugin:80 - create IPUIPlugin
2023-06-11 09:45:27,850 [INFO] PluginManager:220 - loadIPPluginJar : add cryp
2023-06-11 09:45:27,855 [INFO] IPUIPlugin:80 - create IPUIPlugin
2023-06-11 09:45:27,855 [INFO] PluginManager:220 - loadIPPluginJar : add gpio
2023-06-11 09:45:27,856 [INFO] IPUIPlugin:80 - create IPUIPlugin
2023-06-11 09:45:27,856 [INFO] PluginManager:220 - loadIPPluginJar : add comp
2023-06-11 09:45:27,858 [INFO] IPUIPlugin:80 - create IPUIPlugin
2023-06-11 09:45:27,858 [INFO] PluginManager:220 - loadIPPluginJar : add tracer_emb
2023-06-11 09:45:27,860 [INFO] IPUIPlugin:80 - create IPUIPlugin
2023-06-11 09:45:27,860 [INFO] PluginManager:220 - loadIPPluginJar : add openamp
2023-06-11 09:45:27,864 [INFO] IPUIPlugin:80 - create IPUIPlugin
2023-06-11 09:45:27,864 [INFO] PluginManager:220 - loadIPPluginJar : add stm32_wpan
2023-06-11 09:45:27,869 [INFO] IPUIPlugin:80 - create IPUIPlugin
2023-06-11 09:45:27,876 [INFO] PluginManager:220 - loadIPPluginJar : add plateformsettings
2023-06-11 09:45:27,879 [INFO] IPUIPlugin:80 - create IPUIPlugin
2023-06-11 09:45:27,879 [INFO] PluginManager:220 - loadIPPluginJar : add ipddr
2023-06-11 09:45:27,881 [INFO] IPUIPlugin:80 - create IPUIPlugin
2023-06-11 09:45:27,881 [INFO] PluginManager:220 - loadIPPluginJar : add usart
2023-06-11 09:45:27,882 [INFO] IPUIPlugin:80 - create IPUIPlugin
2023-06-11 09:45:27,882 [INFO] PluginManager:220 - loadIPPluginJar : add ltdc
2023-06-11 09:45:27,885 [INFO] IPUIPlugin:80 - create IPUIPlugin
2023-06-11 09:45:27,885 [INFO] PluginManager:220 - loadIPPluginJar : add nvic
2023-06-11 09:45:27,886 [INFO] IPUIPlugin:80 - create IPUIPlugin
2023-06-11 09:45:27,886 [INFO] PluginManager:220 - loadIPPluginJar : add fatfs
2023-06-11 09:45:27,891 [INFO] IPUIPlugin:80 - create IPUIPlugin
2023-06-11 09:45:27,892 [INFO] PluginManager:220 - loadIPPluginJar : add linkedlist
2023-06-11 09:45:27,897 [INFO] IPUIPlugin:80 - create IPUIPlugin
2023-06-11 09:45:27,897 [INFO] PluginManager:220 - loadIPPluginJar : add dma
2023-06-11 09:45:27,900 [INFO] IPUIPlugin:80 - create IPUIPlugin
2023-06-11 09:45:27,900 [INFO] PluginManager:220 - loadIPPluginJar : add fmc
2023-06-11 09:45:27,901 [INFO] IPUIPlugin:80 - create IPUIPlugin
2023-06-11 09:45:27,901 [INFO] PluginManager:220 - loadIPPluginJar : add i2s
2023-06-11 09:45:27,902 [INFO] IPUIPlugin:80 - create IPUIPlugin
2023-06-11 09:45:27,902 [INFO] PluginManager:220 - loadIPPluginJar : add ucpd
2023-06-11 09:45:27,904 [INFO] IPUIPlugin:80 - create IPUIPlugin
2023-06-11 09:45:27,904 [INFO] PluginManager:220 - loadIPPluginJar : add lorawan
2023-06-11 09:45:27,905 [INFO] IPUIPlugin:80 - create IPUIPlugin
2023-06-11 09:45:27,905 [INFO] PluginManager:220 - loadIPPluginJar : add opamp
2023-06-11 09:45:27,907 [INFO] IPUIPlugin:80 - create IPUIPlugin
2023-06-11 09:45:27,907 [INFO] PluginManager:220 - loadIPPluginJar : add i3c
2023-06-11 09:45:27,909 [INFO] IPUIPlugin:80 - create IPUIPlugin
2023-06-11 09:45:27,909 [INFO] PluginManager:220 - loadIPPluginJar : add touchsensing
2023-06-11 09:45:27,910 [INFO] IPUIPlugin:80 - create IPUIPlugin
2023-06-11 09:45:27,911 [INFO] PluginManager:220 - loadIPPluginJar : add i2c
2023-06-11 09:45:27,913 [INFO] IPUIPlugin:80 - create IPUIPlugin
2023-06-11 09:45:27,913 [INFO] PluginManager:220 - loadIPPluginJar : add resmgrutility
2023-06-11 09:45:27,917 [INFO] IPUIPlugin:80 - create IPUIPlugin
2023-06-11 09:45:27,917 [INFO] PluginManager:220 - loadIPPluginJar : add sai
2023-06-11 09:45:27,946 [INFO] IPUIPlugin:80 - create IPUIPlugin
2023-06-11 09:45:27,947 [INFO] PluginManager:220 - loadIPPluginJar : add usbx
2023-06-11 09:45:28,083 [INFO] CADModel:165 - CPN selected for project level
2023-06-11 09:45:28,084 [INFO] CADModel:114 - Register for checkConnection events
2023-06-11 09:45:28,085 [FATAL] Updater:308 - Updater called before beeing initialized
2023-06-11 09:45:28,085 [ERROR] CADModel:125 - Updater not yet initialized, retry later 
2023-06-11 09:45:28,282 [INFO] CADModel:165 - CPN selected for project level
2023-06-11 09:45:28,282 [INFO] CADModel:114 - Register for checkConnection events
2023-06-11 09:45:28,282 [FATAL] Updater:308 - Updater called before beeing initialized
2023-06-11 09:45:28,282 [ERROR] CADModel:125 - Updater not yet initialized, retry later 
2023-06-11 09:45:28,285 [FATAL] Updater:308 - Updater called before beeing initialized
2023-06-11 09:45:28,553 [FATAL] Updater:308 - Updater called before beeing initialized
2023-06-11 09:45:28,569 [INFO] DbMcusAds:53 - JSON generation date=Thu Sep 30 07:55:09 BST 2021 (1632984909247)
2023-06-11 09:45:28,570 [FATAL] Updater:308 - Updater called before beeing initialized
2023-06-11 09:45:28,728 [WARN] DetailPanel:346 - Failed to get advertising image, set to default
2023-06-11 09:45:28,931 [FATAL] Updater:308 - Updater called before beeing initialized
2023-06-11 09:45:28,949 [FATAL] Updater:308 - Updater called before beeing initialized
2023-06-11 09:45:28,949 [FATAL] Updater:308 - Updater called before beeing initialized
2023-06-11 09:45:28,949 [WARN] DetailPanel:346 - Failed to get advertising image, set to default
2023-06-11 09:45:28,973 [FATAL] Updater:308 - Updater called before beeing initialized
2023-06-11 09:45:29,103 [ERROR] Updater:1120 - MainUpdater not yet initialized. External WinMGr cannot be set.
2023-06-11 09:45:29,171 [INFO] Updater:1056 - Updater Version found : 6.8.1
2023-06-11 09:45:29,185 [INFO] ApplicationProperties:184 - Using Application install path: /Applications/STM32CubeIDE.app/Contents/Eclipse/plugins/com.st.stm32cube.common.mx_6.8.1.202304191431
2023-06-11 09:45:29,333 [INFO] MainUpdater:519 - Copy updater definitions from MX database
2023-06-11 09:45:29,380 [INFO] MainUpdater:552 - Copy flag file definitions from MX database
2023-06-11 09:45:29,382 [INFO] MainUpdater:568 - Copy thirdparty index definitions from MX database
2023-06-11 09:45:29,382 [INFO] MainUpdater:587 - Copy default thirdparty db definitions from MX database
2023-06-11 09:45:29,644 [INFO] MainUpdater:2854 - connection check result : 10
2023-06-11 09:45:29,670 [INFO] MainUpdater:3548 - Updater definition file requires update
2023-06-11 09:45:29,698 [INFO] MainUpdater:283 - Updater Check For Update Now.
2023-06-11 09:45:29,699 [INFO] MicroXplorer:498 - Change Database Version : DB.6.0.81
2023-06-11 09:45:29,861 [WARN] MainUpdater:1187 - Updater busy. Cannot search thirdparties
2023-06-11 09:45:29,863 [INFO] ThirdPartyUpdaterWithRetryManager:96 - Updater plugin is busy. [1/15]
2023-06-11 09:45:29,869 [INFO] ServerAccessManage:473 - Download File updaters.zip
2023-06-11 09:45:29,984 [INFO] FileExtend:240 - Unzip File : updaters.zip
2023-06-11 09:45:29,984 [INFO] FileExtend:255 - Standard Zip Deflate
2023-06-11 09:45:30,185 [INFO] ServerAccessManage:473 - Download File PacksControlFlags.xml
2023-06-11 09:45:30,285 [INFO] ServerAccessManage:473 - Download File cubemx.pidx
2023-06-11 09:45:30,394 [INFO] ServerAccessManage:473 - Download File STMicroelectronics.FP-ATR-ASTRA1.pdsc
2023-06-11 09:45:30,621 [INFO] ServerAccessManage:473 - Download File STMicroelectronics.FP-ATR-SIGFOX1.pdsc
2023-06-11 09:45:30,729 [INFO] ServerAccessManage:473 - Download File STMicroelectronics.FP-SNS-FLIGHT1.pdsc
2023-06-11 09:45:30,895 [INFO] ServerAccessManage:473 - Download File STMicroelectronics.FP-SNS-MOTENV1.pdsc
2023-06-11 09:45:30,996 [INFO] ServerAccessManage:473 - Download File STMicroelectronics.X-CUBE-AI.pdsc
2023-06-11 09:45:31,775 [INFO] ServerAccessManage:473 - Download File STMicroelectronics.X-CUBE-ALS.pdsc
2023-06-11 09:45:31,878 [INFO] ServerAccessManage:473 - Download File STMicroelectronics.X-CUBE-BLE1.pdsc
2023-06-11 09:45:32,369 [ERROR] ServerAccessManage:1089 - Problem, file not found on Server
2023-06-11 09:45:32,390 [INFO] ServerAccessManage:473 - Download File STMicroelectronics.X-CUBE-BLE2.pdsc
2023-06-11 09:45:32,767 [INFO] ServerAccessManage:473 - Download File STMicroelectronics.X-CUBE-BLEMGR.pdsc
2023-06-11 09:45:32,868 [WARN] MainUpdater:1187 - Updater busy. Cannot search thirdparties
2023-06-11 09:45:32,868 [INFO] ThirdPartyUpdaterWithRetryManager:96 - Updater plugin is busy. [2/15]
2023-06-11 09:45:32,947 [INFO] ServerAccessManage:473 - Download File STMicroelectronics.X-CUBE-DISPLAY.pdsc
2023-06-11 09:45:33,286 [INFO] ServerAccessManage:473 - Download File STMicroelectronics.X-CUBE-EEPRMA1.pdsc
2023-06-11 09:45:33,421 [ERROR] ServerAccessManage:1089 - Problem, file not found on Server
2023-06-11 09:45:33,524 [INFO] ServerAccessManage:473 - Download File STMicroelectronics.X-CUBE-FREERTOS.pdsc
2023-06-11 09:45:33,629 [INFO] ServerAccessManage:473 - Download File STMicroelectronics.X-CUBE-GNSS1.pdsc
2023-06-11 09:45:33,985 [ERROR] ServerAccessManage:1089 - Problem, file not found on Server
2023-06-11 09:45:34,070 [ERROR] ServerAccessManage:1089 - Problem, file not found on Server
2023-06-11 09:45:34,151 [ERROR] ServerAccessManage:1089 - Problem, file not found on Server
2023-06-11 09:45:34,254 [ERROR] ServerAccessManage:1089 - Problem, file not found on Server
2023-06-11 09:45:34,324 [ERROR] ServerAccessManage:1089 - Problem, file not found on Server
2023-06-11 09:45:34,395 [ERROR] ServerAccessManage:1089 - Problem, file not found on Server
2023-06-11 09:45:34,420 [INFO] ServerAccessManage:473 - Download File STMicroelectronics.X-CUBE-ISPU.pdsc
2023-06-11 09:45:34,529 [INFO] ServerAccessManage:473 - Download File STMicroelectronics.X-CUBE-MEMS1.pdsc
2023-06-11 09:45:35,549 [INFO] ServerAccessManage:473 - Download File STMicroelectronics.X-CUBE-NFC4.pdsc
2023-06-11 09:45:35,874 [WARN] MainUpdater:1187 - Updater busy. Cannot search thirdparties
2023-06-11 09:45:35,874 [INFO] ThirdPartyUpdaterWithRetryManager:96 - Updater plugin is busy. [3/15]
2023-06-11 09:45:36,053 [INFO] ServerAccessManage:473 - Download File STMicroelectronics.X-CUBE-NFC7.pdsc
2023-06-11 09:45:36,108 [INFO] ServerAccessManage:473 - Download File STMicroelectronics.X-CUBE-SFXS2LP1.pdsc
2023-06-11 09:45:36,234 [INFO] ServerAccessManage:473 - Download File STMicroelectronics.X-CUBE-SUBG2.pdsc
2023-06-11 09:45:36,594 [INFO] ServerAccessManage:473 - Download File STMicroelectronics.X-CUBE-SMBUS.pdsc
2023-06-11 09:45:36,739 [ERROR] ServerAccessManage:1089 - Problem, file not found on Server
2023-06-11 09:45:36,765 [INFO] ServerAccessManage:473 - Download File STMicroelectronics.X-CUBE-TOF1.pdsc
2023-06-11 09:45:37,061 [ERROR] ServerAccessManage:1089 - Problem, file not found on Server
2023-06-11 09:45:37,116 [INFO] ServerAccessManage:473 - Download File STMicroelectronics.X-CUBE-TOUCHGFX.pdsc
2023-06-11 09:45:37,737 [INFO] ServerAccessManage:473 - Download File STMicroelectronics.X-CUBE-ALGOBUILD.pdsc
2023-06-11 09:45:37,963 [INFO] ServerAccessManage:473 - Download File STMicroelectronics.X-CUBE-AZRTOS-H7.pdsc
2023-06-11 09:45:38,203 [INFO] ServerAccessManage:473 - Download File STMicroelectronics.X-CUBE-AZRTOS-F4.pdsc
2023-06-11 09:45:38,500 [INFO] ServerAccessManage:473 - Download File STMicroelectronics.X-CUBE-AZRTOS-F7.pdsc
2023-06-11 09:45:38,664 [INFO] ServerAccessManage:473 - Download File STMicroelectronics.X-CUBE-AZRTOS-L4.pdsc
2023-06-11 09:45:38,781 [INFO] ServerAccessManage:473 - Download File STMicroelectronics.X-CUBE-AZRTOS-L5.pdsc
2023-06-11 09:45:38,880 [WARN] MainUpdater:1187 - Updater busy. Cannot search thirdparties
2023-06-11 09:45:38,880 [INFO] ThirdPartyUpdaterWithRetryManager:96 - Updater plugin is busy. [4/15]
2023-06-11 09:45:38,992 [INFO] ServerAccessManage:473 - Download File STMicroelectronics.X-CUBE-AZRTOS-G0.pdsc
2023-06-11 09:45:39,122 [INFO] ServerAccessManage:473 - Download File STMicroelectronics.X-CUBE-AZRTOS-G4.pdsc
2023-06-11 09:45:39,229 [INFO] ServerAccessManage:473 - Download File STMicroelectronics.X-CUBE-AZRTOS-WB.pdsc
2023-06-11 09:45:39,315 [INFO] ServerAccessManage:473 - Download File STMicroelectronics.X-CUBE-AZRTOS-WL.pdsc
2023-06-11 09:45:40,030 [INFO] ServerAccessManage:473 - Download File wolfSSL.I-CUBE-wolfSSL.pdsc
2023-06-11 09:45:41,886 [WARN] MainUpdater:1187 - Updater busy. Cannot search thirdparties
2023-06-11 09:45:41,887 [INFO] ThirdPartyUpdaterWithRetryManager:96 - Updater plugin is busy. [5/15]
2023-06-11 09:45:42,373 [ERROR] ServerAccessManage:1089 - Problem, file not found on Server
2023-06-11 09:45:42,754 [ERROR] ServerAccessManage:1089 - Problem, file not found on Server
2023-06-11 09:45:43,187 [ERROR] ServerAccessManage:1089 - Problem, file not found on Server
2023-06-11 09:45:43,983 [ERROR] ServerAccessManage:1096 - Problem, Http access forbiden
2023-06-11 09:45:43,985 [ERROR] ServerAccessManage:651 - Problem, Http access forbiden : RoweBots.I-CUBE-UNISONRTOS.pdsc.
2023-06-11 09:45:44,499 [INFO] ServerAccessManage:473 - Download File SEGGER.I-CUBE-embOS.pdsc
2023-06-11 09:45:44,893 [WARN] MainUpdater:1187 - Updater busy. Cannot search thirdparties
2023-06-11 09:45:44,899 [INFO] ThirdPartyUpdaterWithRetryManager:96 - Updater plugin is busy. [6/15]
2023-06-11 09:45:45,996 [INFO] ServerAccessManage:473 - Download File portGmbH.I-Cube-SoM-uGOAL.pdsc
2023-06-11 09:45:46,586 [ERROR] ServerAccessManage:1089 - Problem, file not found on Server
2023-06-11 09:45:46,672 [ERROR] ServerAccessManage:1089 - Problem, file not found on Server
2023-06-11 09:45:46,712 [ERROR] ServerAccessManage:1089 - Problem, file not found on Server
2023-06-11 09:45:46,983 [INFO] ServerAccessManage:473 - Download File emotas.I-CUBE-CANOPEN.pdsc
2023-06-11 09:45:47,905 [WARN] MainUpdater:1187 - Updater busy. Cannot search thirdparties
2023-06-11 09:45:47,906 [INFO] ThirdPartyUpdaterWithRetryManager:96 - Updater plugin is busy. [7/15]
2023-06-11 09:45:48,023 [INFO] ServerAccessManage:473 - Download File WES.I-CUBE-Cesium.pdsc
2023-06-11 09:45:49,643 [ERROR] ServerAccessManage:1089 - Problem, file not found on Server
2023-06-11 09:45:49,867 [INFO] MainUpdater:2854 - connection check result : 10
2023-06-11 09:45:50,186 [ERROR] ServerAccessManage:1089 - Problem, file not found on Server
2023-06-11 09:45:50,396 [WARN] PackLoader:240 - Cannot read IP mode file for STMicroelectronics.FP-ATR-ASTRA1.2.0.0
2023-06-11 09:45:50,420 [WARN] CheckServerUpdateThread:151 - Open CheckUpdateFile Fail
2023-06-11 09:45:50,441 [WARN] PackLoader:240 - Cannot read IP mode file for STMicroelectronics.FP-ATR-SIGFOX1.3.2.0
2023-06-11 09:45:50,448 [WARN] PackLoader:240 - Cannot read IP mode file for STMicroelectronics.FP-SNS-FLIGHT1.5.0.1
2023-06-11 09:45:50,479 [ERROR] RealEvaluatedCondition:428 - Found unsupported composite condition: GROUP='STM32_MetaDataManager' CLASS='Data Exchange'
2023-06-11 09:45:50,480 [ERROR] RealEvaluatedCondition:428 - Found unsupported composite condition: GROUP='STM32_MetaDataManager' CLASS='Data Exchange'
2023-06-11 09:45:50,482 [WARN] PackLoader:240 - Cannot read IP mode file for STMicroelectronics.FP-SNS-MOTENV1.4.3.1
2023-06-11 09:45:50,507 [WARN] PackLoader:240 - Cannot read IP mode file for STMicroelectronics.X-CUBE-AI.8.0.1
2023-06-11 09:45:50,513 [WARN] PackLoader:240 - Cannot read IP mode file for STMicroelectronics.X-CUBE-ALS.1.0.1
2023-06-11 09:45:50,531 [WARN] PackLoader:240 - Cannot read IP mode file for STMicroelectronics.X-CUBE-BLE1.6.2.4
2023-06-11 09:45:50,537 [WARN] PackLoader:240 - Cannot read IP mode file for STMicroelectronics.X-CUBE-BLE2.3.3.0
2023-06-11 09:45:50,554 [WARN] PackLoader:240 - Cannot read IP mode file for STMicroelectronics.X-CUBE-BLEMGR.2.0.0
2023-06-11 09:45:50,582 [INFO] CheckServerUpdateThread:120 - End of CheckServer Thread
2023-06-11 09:45:50,604 [WARN] PackLoader:240 - Cannot read IP mode file for STMicroelectronics.X-CUBE-DISPLAY.3.0.0
2023-06-11 09:45:50,634 [WARN] PackLoader:240 - Cannot read IP mode file for STMicroelectronics.X-CUBE-EEPRMA1.4.1.0
2023-06-11 09:45:50,654 [WARN] PackLoader:240 - Cannot read IP mode file for STMicroelectronics.X-CUBE-FREERTOS.1.0.1
2023-06-11 09:45:50,675 [WARN] PackLoader:240 - Cannot read IP mode file for STMicroelectronics.X-CUBE-GNSS1.6.0.0
2023-06-11 09:45:50,695 [WARN] PackLoader:240 - Cannot read IP mode file for STMicroelectronics.X-CUBE-ISPU.1.1.0
2023-06-11 09:45:50,707 [INFO] McuFinderGlobals:66 - Set McuFinderConnectedMode to true
2023-06-11 09:45:50,891 [WARN] PackLoader:240 - Cannot read IP mode file for STMicroelectronics.X-CUBE-MEMS1.9.6.0
2023-06-11 09:45:50,908 [WARN] MainUpdater:1187 - Updater busy. Cannot search thirdparties
2023-06-11 09:45:50,909 [INFO] ThirdPartyUpdaterWithRetryManager:96 - Updater plugin is busy. [8/15]
2023-06-11 09:45:51,021 [INFO] ServerAccessManage:473 - Download File mcusAds.json._tmp_
2023-06-11 09:45:51,136 [INFO] LoadUrlFilesThread:156 - End of LoadUrlFiles Thread
2023-06-11 09:45:51,147 [WARN] PackLoader:240 - Cannot read IP mode file for STMicroelectronics.X-CUBE-NFC4.3.0.0
2023-06-11 09:45:51,169 [WARN] PackLoader:240 - Cannot read IP mode file for STMicroelectronics.X-CUBE-NFC7.1.0.0
2023-06-11 09:45:51,203 [WARN] PackLoader:240 - Cannot read IP mode file for STMicroelectronics.X-CUBE-SFXS2LP1.4.0.0
2023-06-11 09:45:51,218 [WARN] PackLoader:240 - Cannot read IP mode file for STMicroelectronics.X-CUBE-SUBG2.5.0.0
2023-06-11 09:45:51,231 [WARN] PackLoader:240 - Cannot read IP mode file for STMicroelectronics.X-CUBE-SMBUS.2.1.0
2023-06-11 09:45:51,266 [WARN] PackLoader:240 - Cannot read IP mode file for STMicroelectronics.X-CUBE-TOF1.3.3.0
2023-06-11 09:45:51,277 [WARN] PackLoader:240 - Cannot read IP mode file for STMicroelectronics.X-CUBE-TOUCHGFX.4.21.4
2023-06-11 09:45:51,284 [WARN] PackLoader:240 - Cannot read IP mode file for STMicroelectronics.X-CUBE-ALGOBUILD.1.3.0
2023-06-11 09:45:51,318 [WARN] ConditionMgr:438 - getConditionDescription Invalid condition id : UX DEVICE CLASS RTOS Condition cause : null
2023-06-11 09:45:51,319 [WARN] ConditionMgr:438 - getConditionDescription Invalid condition id : UX DEVICE CLASS RTOS Condition cause : null
2023-06-11 09:45:51,329 [WARN] PackLoader:240 - Cannot read IP mode file for STMicroelectronics.X-CUBE-AZRTOS-H7.3.1.0
2023-06-11 09:45:51,332 [WARN] ConditionMgr:1039 - genDependencies : Invalid condition id : UX DEVICE CLASS RTOS Condition cause : null
2023-06-11 09:45:51,332 [WARN] ConditionMgr:1039 - genDependencies : Invalid condition id : UX DEVICE CLASS RTOS Condition cause : null
2023-06-11 09:45:51,334 [WARN] ConditionMgr:1039 - genDependencies : Invalid condition id : UX DEVICE CLASS RTOS Condition cause : null
2023-06-11 09:45:51,334 [WARN] ConditionMgr:1039 - genDependencies : Invalid condition id : UX DEVICE CLASS RTOS Condition cause : null
2023-06-11 09:45:51,334 [WARN] ConditionMgr:1039 - genDependencies : Invalid condition id : UX DEVICE CLASS RTOS Condition cause : null
2023-06-11 09:45:51,359 [WARN] PackLoader:240 - Cannot read IP mode file for STMicroelectronics.X-CUBE-AZRTOS-F4.1.1.0
2023-06-11 09:45:51,393 [WARN] PackLoader:240 - Cannot read IP mode file for STMicroelectronics.X-CUBE-AZRTOS-F7.1.1.0
2023-06-11 09:45:51,399 [INFO] ServerAccessManage:473 - Download File cube-finder-db.zip
2023-06-11 09:45:51,432 [WARN] ConditionMgr:438 - getConditionDescription Invalid condition id : LAN8742 Phy interface Condition cause : null
2023-06-11 09:45:51,434 [WARN] PackLoader:240 - Cannot read IP mode file for STMicroelectronics.X-CUBE-AZRTOS-L4.2.0.0
2023-06-11 09:45:51,437 [WARN] ConditionMgr:1039 - genDependencies : Invalid condition id : LAN8742 Phy interface Condition cause : null
2023-06-11 09:45:51,437 [WARN] ConditionMgr:1039 - genDependencies : Invalid condition id : LAN8742 Phy interface Condition cause : null
2023-06-11 09:45:51,439 [WARN] ConditionMgr:1039 - genDependencies : Invalid condition id : LAN8742 Phy interface Condition cause : null
2023-06-11 09:45:51,463 [WARN] PackLoader:240 - Cannot read IP mode file for STMicroelectronics.X-CUBE-AZRTOS-L5.1.1.0
2023-06-11 09:45:51,492 [WARN] PackLoader:240 - Cannot read IP mode file for STMicroelectronics.X-CUBE-AZRTOS-G0.1.1.0
2023-06-11 09:45:51,537 [WARN] PackLoader:240 - Cannot read IP mode file for STMicroelectronics.X-CUBE-AZRTOS-G4.2.0.0
2023-06-11 09:45:51,558 [WARN] PackLoader:240 - Cannot read IP mode file for STMicroelectronics.X-CUBE-AZRTOS-WB.1.1.0
2023-06-11 09:45:51,573 [INFO] LogOutputStream:77 - [STDOUT_REDIRECT] 1 : Invalid condition id : UX_CORESTACK_Condition cause : null
2023-06-11 09:45:51,575 [INFO] LogOutputStream:77 - [STDOUT_REDIRECT] 1 : Invalid condition id : UX_CORESTACK_Condition cause : null
2023-06-11 09:45:51,575 [INFO] LogOutputStream:77 - [STDOUT_REDIRECT] 1 : Invalid condition id : UX_CORESTACK_Condition cause : null
2023-06-11 09:45:51,576 [INFO] LogOutputStream:77 - [STDOUT_REDIRECT] 1 : Invalid condition id : UX_CORESTACK_Condition cause : null
2023-06-11 09:45:51,576 [INFO] LogOutputStream:77 - [STDOUT_REDIRECT] 1 : Invalid condition id : UX_CORESTACK_Condition cause : null
2023-06-11 09:45:51,585 [WARN] PackLoader:240 - Cannot read IP mode file for STMicroelectronics.X-CUBE-AZRTOS-WL.2.0.0
2023-06-11 09:45:51,596 [WARN] PackLoader:240 - Cannot read IP mode file for wolfSSL.I-CUBE-wolfSSL.5.6.0
2023-06-11 09:45:51,651 [WARN] PackLoader:240 - Cannot read IP mode file for SEGGER.I-CUBE-embOS.1.3.1
2023-06-11 09:45:51,716 [WARN] PackLoader:240 - Cannot read IP mode file for portGmbH.I-Cube-SoM-uGOAL.1.1.0
2023-06-11 09:45:51,728 [WARN] PackLoader:240 - Cannot read IP mode file for emotas.I-CUBE-CANOPEN.1.1.3
2023-06-11 09:45:51,741 [WARN] PackLoader:240 - Cannot read IP mode file for WES.I-CUBE-Cesium.1.3.0
2023-06-11 09:45:51,742 [INFO] PopulateThirdPartyThread:66 - Ending populate Thread
2023-06-11 09:45:51,749 [INFO] ThirdParty:1030 - CMSIS Pack Vendor :STMicroelectronics X-CUBE-ISPU 1.1.0
2023-06-11 09:45:51,750 [INFO] ThirdParty:1030 - CMSIS Pack Vendor :STMicroelectronics X-CUBE-DISPLAY 3.0.0
2023-06-11 09:45:51,750 [INFO] ThirdParty:1030 - CMSIS Pack Vendor :STMicroelectronics X-CUBE-GNSS1 6.0.0
2023-06-11 09:45:51,750 [INFO] ThirdParty:1030 - CMSIS Pack Vendor :STMicroelectronics X-CUBE-AZRTOS-F4 1.1.0
2023-06-11 09:45:51,750 [INFO] ThirdParty:1030 - CMSIS Pack Vendor :STMicroelectronics FP-ATR-SIGFOX1 3.2.0
2023-06-11 09:45:51,750 [INFO] ThirdParty:1030 - CMSIS Pack Vendor :STMicroelectronics X-CUBE-SMBUS 2.1.0
2023-06-11 09:45:51,750 [INFO] ThirdParty:1030 - CMSIS Pack Vendor :wolfSSL I-CUBE-wolfSSL 5.6.0
2023-06-11 09:45:51,750 [INFO] ThirdParty:1030 - CMSIS Pack Vendor :STMicroelectronics X-CUBE-FREERTOS 1.0.1
2023-06-11 09:45:51,750 [INFO] ThirdParty:1030 - CMSIS Pack Vendor :STMicroelectronics X-CUBE-NFC7 1.0.0
2023-06-11 09:45:51,750 [INFO] ThirdParty:1030 - CMSIS Pack Vendor :STMicroelectronics X-CUBE-TOUCHGFX 4.21.4
2023-06-11 09:45:51,750 [INFO] ThirdParty:1030 - CMSIS Pack Vendor :STMicroelectronics X-CUBE-AZRTOS-F7 1.1.0
2023-06-11 09:45:51,750 [INFO] ThirdParty:1030 - CMSIS Pack Vendor :STMicroelectronics X-CUBE-ALS 1.0.1
2023-06-11 09:45:51,750 [INFO] ThirdParty:1030 - CMSIS Pack Vendor :STMicroelectronics X-CUBE-EEPRMA1 4.1.0
2023-06-11 09:45:51,750 [INFO] ThirdParty:1030 - CMSIS Pack Vendor :portGmbH I-Cube-SoM-uGOAL 1.1.0
2023-06-11 09:45:51,750 [INFO] ThirdParty:1030 - CMSIS Pack Vendor :STMicroelectronics X-CUBE-MEMS1 9.6.0
2023-06-11 09:45:51,750 [INFO] ThirdParty:1030 - CMSIS Pack Vendor :STMicroelectronics X-CUBE-AZRTOS-WB 1.1.0
2023-06-11 09:45:51,750 [INFO] ThirdParty:1030 - CMSIS Pack Vendor :STMicroelectronics FP-SNS-FLIGHT1 5.0.1
2023-06-11 09:45:51,750 [INFO] ThirdParty:1030 - CMSIS Pack Vendor :STMicroelectronics FP-SNS-MOTENV1 4.3.1
2023-06-11 09:45:51,750 [INFO] ThirdParty:1030 - CMSIS Pack Vendor :STMicroelectronics X-CUBE-ALGOBUILD 1.3.0
2023-06-11 09:45:51,750 [INFO] ThirdParty:1030 - CMSIS Pack Vendor :STMicroelectronics X-CUBE-AZRTOS-WL 2.0.0
2023-06-11 09:45:51,750 [INFO] ThirdParty:1030 - CMSIS Pack Vendor :SEGGER I-CUBE-embOS 1.3.1
2023-06-11 09:45:51,750 [INFO] ThirdParty:1030 - CMSIS Pack Vendor :STMicroelectronics X-CUBE-BLE1 6.2.4
2023-06-11 09:45:51,751 [INFO] ThirdParty:1030 - CMSIS Pack Vendor :STMicroelectronics X-CUBE-AZRTOS-L5 1.1.0
2023-06-11 09:45:51,751 [INFO] ThirdParty:1030 - CMSIS Pack Vendor :STMicroelectronics X-CUBE-AZRTOS-G0 1.1.0
2023-06-11 09:45:51,751 [INFO] ThirdParty:1030 - CMSIS Pack Vendor :emotas I-CUBE-CANOPEN 1.1.3
2023-06-11 09:45:51,751 [INFO] ThirdParty:1030 - CMSIS Pack Vendor :STMicroelectronics X-CUBE-AI 8.0.1
2023-06-11 09:45:51,751 [INFO] ThirdParty:1030 - CMSIS Pack Vendor :STMicroelectronics X-CUBE-BLEMGR 2.0.0
2023-06-11 09:45:51,751 [INFO] ThirdParty:1030 - CMSIS Pack Vendor :STMicroelectronics X-CUBE-NFC4 3.0.0
2023-06-11 09:45:51,751 [INFO] ThirdParty:1030 - CMSIS Pack Vendor :STMicroelectronics X-CUBE-SUBG2 5.0.0
2023-06-11 09:45:51,751 [INFO] ThirdParty:1030 - CMSIS Pack Vendor :STMicroelectronics X-CUBE-AZRTOS-L4 2.0.0
2023-06-11 09:45:51,751 [INFO] ThirdParty:1030 - CMSIS Pack Vendor :STMicroelectronics FP-ATR-ASTRA1 2.0.0
2023-06-11 09:45:51,751 [INFO] ThirdParty:1030 - CMSIS Pack Vendor :WES I-CUBE-Cesium 1.3.0
2023-06-11 09:45:51,751 [INFO] ThirdParty:1030 - CMSIS Pack Vendor :STMicroelectronics X-CUBE-SFXS2LP1 4.0.0
2023-06-11 09:45:51,751 [INFO] ThirdParty:1030 - CMSIS Pack Vendor :STMicroelectronics X-CUBE-BLE2 3.3.0
2023-06-11 09:45:51,751 [INFO] ThirdParty:1030 - CMSIS Pack Vendor :STMicroelectronics X-CUBE-AZRTOS-G4 2.0.0
2023-06-11 09:45:51,751 [INFO] ThirdParty:1030 - CMSIS Pack Vendor :STMicroelectronics X-CUBE-TOF1 3.3.0
2023-06-11 09:45:51,751 [INFO] ThirdParty:1030 - CMSIS Pack Vendor :STMicroelectronics X-CUBE-AZRTOS-H7 3.1.0
2023-06-11 09:45:51,751 [INFO] LoadServerUpdatesThread:373 - End of LoadServerUpdate Thread
2023-06-11 09:45:53,910 [WARN] MainUpdater:1187 - Updater busy. Cannot search thirdparties
2023-06-11 09:45:53,912 [INFO] ThirdPartyUpdaterWithRetryManager:96 - Updater plugin is busy. [9/15]
2023-06-11 09:45:56,024 [INFO] FileExtend:240 - Unzip File : cube-finder-db.zip
2023-06-11 09:45:56,029 [INFO] FileExtend:255 - Standard Zip Deflate
2023-06-11 09:45:56,545 [INFO] LoadUrlFilesThread:156 - End of LoadUrlFiles Thread
2023-06-11 09:45:56,819 [INFO] ServerAccessManage:473 - Download File crdb.zip
2023-06-11 09:45:56,913 [WARN] MainUpdater:1187 - Updater busy. Cannot search thirdparties
2023-06-11 09:45:56,913 [INFO] ThirdPartyUpdaterWithRetryManager:96 - Updater plugin is busy. [10/15]
2023-06-11 09:45:57,012 [INFO] FileExtend:240 - Unzip File : crdb.zip
2023-06-11 09:45:57,013 [INFO] FileExtend:255 - Standard Zip Deflate
2023-06-11 09:45:57,139 [INFO] LoadUrlFilesThread:156 - End of LoadUrlFiles Thread
2023-06-11 09:45:57,323 [INFO] ServerAccessManage:473 - Download File tutoVideoDB.zip
2023-06-11 09:45:57,338 [INFO] FileExtend:240 - Unzip File : tutoVideoDB.zip
2023-06-11 09:45:57,339 [INFO] FileExtend:255 - Standard Zip Deflate
2023-06-11 09:45:57,453 [INFO] LoadUrlFilesThread:156 - End of LoadUrlFiles Thread
2023-06-11 09:45:57,485 [WARN] DbFile:41 - Overriding database path with different value: /Users/jberjano/.stmcufinder/plugins/mcufinder/ => /Users/jberjano/.stmcufinder/plugins/mcufinder
2023-06-11 09:45:57,640 [INFO] ServerAccessManage:473 - Download File api_config.json
2023-06-11 09:45:57,758 [INFO] LoadUrlFilesThread:156 - End of LoadUrlFiles Thread
2023-06-11 09:45:57,777 [INFO] DbMcusAds:53 - JSON generation date=Tue Mar 07 08:50:55 GMT 2023 (1678179055335)
2023-06-11 09:45:57,919 [INFO] ServerAccessManage:473 - Download File 
2023-06-11 09:45:57,935 [INFO] LoadUrlFilesThread:185 - End of LoadServerUrlFiles without Thread
2023-06-11 09:45:57,936 [INFO] TargetSelectorAdapter:259 - Refresh data is successful
2023-06-11 09:45:58,325 [INFO] ApiDb:581 - Connected to CubeFinder SQLite database (/Users/jberjano/.stmcufinder/plugins/mcufinder/mcu/cube-finder-db.db)
2023-06-11 09:45:58,383 [INFO] ApiDb:668 - CubeFinder database Data Model version=2.1
2023-06-11 09:45:58,384 [INFO] ApiDb:669 - CubeFinder database Configuration version=3.0.35
2023-06-11 09:45:58,384 [INFO] ApiDb:670 - CubeFinder database generation date=2023-05-12 (1683877179)
2023-06-11 09:45:58,384 [INFO] ApiDb:671 - CubeFinder database FW Pack versions=[FP-ATR-ASTRA1_V2.0.0, FP-SNS-FLIGHT1_V5.0.0, FP-SNS-MOTENV1_V4.3.0, STM32Cube_FW_C0_V1.0.1, STM32Cube_FW_F0_V1.11.4, STM32Cube_FW_F3_V1.11.4, STM32Cube_FW_F4_V1.27.1, STM32Cube_FW_F7_V1.17.0, STM32Cube_FW_G0_V1.6.1, STM32Cube_FW_G4_V1.5.1, STM32Cube_FW_H5_V0.5.1, STM32Cube_FW_H5_V1.0.0, STM32Cube_FW_H7_V1.11.0, STM32Cube_FW_L0_V1.12.2, STM32Cube_FW_L5_V1.5.0, STM32Cube_FW_U5_V1.2.0, STM32Cube_FW_WBA_V1.0.0, STM32Cube_FW_WBA_V1.0.0RC1, STM32Cube_FW_WBA_V1.0.0RC3, STM32Cube_FW_WB_V1.15.0RC1, STM32Cube_FW_WB_V1.16.0, STM32Cube_FW_WB_V1.16.0RC2, STM32Cube_FW_WL_V1.3.0, X-CUBE-ALGOBUILD_V1.3.0, X-CUBE-ALS_V1.0.1, X-CUBE-AZRTOS-F4_V1.1.0, X-CUBE-AZRTOS-F7_V1.1.0, X-CUBE-AZRTOS-G0_V1.1.0, X-CUBE-AZRTOS-G4_V2.0.0, X-CUBE-AZRTOS-H7_V3.1.0, X-CUBE-AZRTOS-L4_V1.0.0, X-CUBE-AZRTOS-L5_V1.1.0, X-CUBE-AZRTOS-WB_V1.1.0, X-CUBE-AZRTOS-WL_V1.0.0, X-CUBE-BLE1_V6.2.4, X-CUBE-BLE2_V3.3.0, X-CUBE-BLEMGR_V2.0.0, X-CUBE-EEPRMA1_V4.1.0, X-CUBE-FREERTOS_V1.0.1, X-CUBE-GNSS1_V6.0.0, X-CUBE-MEMS1_V9.1.0, X-CUBE-MEMS1_V9.4.0, X-CUBE-MEMS1_V9.6.0, X-CUBE-NFC4_V3.0.0, X-CUBE-NFC7_V1.0.0, X-CUBE-SFXS2LP1_V4.0.0, X-CUBE-SUBG2_V5.0.0]
2023-06-11 09:45:59,538 [INFO] ApiDb:240 - Found 297 in-development CPN: [B-G473E-ZEST1S, B-WB1M-WPAN1, B-WL5M-SUBG1, NUCLEO-C031C6, NUCLEO-H503RB, NUCLEO-H563ZI, NUCLEO-U545RE-Q, NUCLEO-U5A5ZJ-Q, NUCLEO-WBA52CG, STEVAL-PROTEUS1, STEVAL-STWINBX1, STM320518-EVAL, STM32C0116-DK, STM32C011D6Y3TR, STM32C011D6Y6TR, STM32C011F4P3, STM32C011F4P6, STM32C011F4U3, STM32C011F4U6TR, STM32C011F6P3, STM32C011F6P6, STM32C011F6U3, STM32C011F6U6TR, STM32C011J4M3, STM32C011J4M6, STM32C011J6M3, STM32C011J6M6, STM32C0316-DK, STM32C031C4T3, STM32C031C4T6, STM32C031C4U3, STM32C031C4U6, STM32C031C6T3, STM32C031C6T6, STM32C031C6U3, STM32C031C6U6, STM32C031F4P3, STM32C031F4P6, STM32C031F6P3, STM32C031F6P6, STM32C031G4U3, STM32C031G4U6, STM32C031G6U3, STM32C031G6U6, STM32C031K4T3, STM32C031K4T6, STM32C031K4U3, STM32C031K4U6, STM32C031K6T3, STM32C031K6T6, STM32C031K6U3, STM32C031K6U6, STM32G071K8TXN, STM32G071K8UXN, STM32G081GBU6N, STM32G081KBT6N, STM32G081KBUXN, STM32G0B1CCT6N, STM32G0B1KCT6, STM32G0B1NEY6TR, STM32G0B1RCT6N, STM32G0C1CCT6, STM32G0C1CCT6N, STM32G0C1CCU6N, STM32G0C1CET6N, STM32G0C1CEU6N, STM32G0C1KCT6, STM32G0C1NEY6TR, STM32G0C1RCI6N, STM32G0C1RCT6N, STM32G0C1REI6N, STM32G0C1RET6N, STM32G0C1VCI6, STM32G0C1VEI6, STM32G471CCT6, STM32G471CCU6, STM32G471CET3, STM32G471CET6, STM32G471CEU3, STM32G471CEU6, STM32G471MCT6, STM32G471MET3, STM32G471MET6, STM32G471MEY6TR, STM32G471QCT6, STM32G471QET3, STM32G471RCT6, STM32G471RET3, STM32G471RET6, STM32G471VCH6, STM32G471VCI6, STM32G471VCT6, STM32G471VEH3, STM32G471VEH6, STM32G471VEI3, STM32G471VEI6, STM32G471VET3, STM32G471VET6, STM32G474CCT6, STM32H503CBT6, STM32H503CBU6, STM32H503EBY6TR, STM32H503KBU6, STM32H503RBT6, STM32H562AGI6, STM32H562AII6, STM32H562IGK6, STM32H562IGT6, STM32H562IIK6, STM32H562IIT6, STM32H562RGT6, STM32H562RGV6, STM32H562RIT6, STM32H562RIV6, STM32H562VGT6, STM32H562VIT6, STM32H562ZGT6, STM32H562ZIT6, STM32H563AGI6, STM32H563AII3Q, STM32H563AII6, STM32H563IGK6, STM32H563IGT6, STM32H563IIK3Q, STM32H563IIK6, STM32H563IIT3Q, STM32H563IIT6, STM32H563MIY3QTR, STM32H563RGT6, STM32H563RGV6, STM32H563RIT6, STM32H563RIV6, STM32H563VGT6, STM32H563VIT3Q, STM32H563VIT6, STM32H563ZGT6, STM32H563ZIT3Q, STM32H563ZIT6, STM32H573AII3Q, STM32H573AII6, STM32H573I-DK, STM32H573IIK3Q, STM32H573IIK6, STM32H573IIT3Q, STM32H573IIT6, STM32H573MIY3QTR, STM32H573RIT6, STM32H573RIV6, STM32H573VIT3Q, STM32H573VIT6, STM32H573ZIT3Q, STM32H573ZIT6, STM32L4R5QGI6STR, STM32MP131AAE3, STM32MP131AAF3, STM32MP131AAG3, STM32MP131CAE3, STM32MP131CAF3, STM32MP131CAG3, STM32MP131DAE7, STM32MP131DAF7, STM32MP131DAG7, STM32MP131FAE7, STM32MP131FAF7, STM32MP131FAG7, STM32MP133AAE3, STM32MP133AAF3, STM32MP133AAG3, STM32MP133CAE3, STM32MP133CAF3, STM32MP133CAG3, STM32MP133DAE7, STM32MP133DAF7, STM32MP133DAG7, STM32MP133FAE7, STM32MP133FAF7, STM32MP133FAG7, STM32MP135AAE3, STM32MP135AAF3, STM32MP135AAG3, STM32MP135CAE3, STM32MP135CAF3, STM32MP135CAG3, STM32MP135DAE7, STM32MP135DAF7, STM32MP135DAG7, STM32MP135F-DK, STM32MP135FAE7, STM32MP135FAF7, STM32MP135FAF7T, STM32MP135FAF7U, STM32MP135FAG7, STM32U535CBT6, STM32U535CBT6Q, STM32U535CBU6, STM32U535CBU6Q, STM32U535CCT6, STM32U535CCT6Q, STM32U535CCU6, STM32U535CCU6Q, STM32U535CET6, STM32U535CET6Q, STM32U535CEU6, STM32U535CEU6Q, STM32U535JEY6QTR, STM32U535NCY6QTR, STM32U535NEY6QTR, STM32U535RBI6, STM32U535RBI6Q, STM32U535RBT6, STM32U535RBT6Q, STM32U535RCI6, STM32U535RCI6Q, STM32U535RCT6, STM32U535RCT6Q, STM32U535REI6, STM32U535REI6Q, STM32U535RET6, STM32U535RET6Q, STM32U535VCI6, STM32U535VCI6Q, STM32U535VCT6, STM32U535VCT6Q, STM32U535VEI6, STM32U535VEI6Q, STM32U535VET6, STM32U535VET6Q, STM32U545CET6, STM32U545CET6Q, STM32U545CEU6, STM32U545CEU6Q, STM32U545JEY6QTR, STM32U545NEY6QTR, STM32U545REI6, STM32U545REI6Q, STM32U545RET6, STM32U545RET6Q, STM32U545VEI6, STM32U545VEI6Q, STM32U545VET6, STM32U545VET6Q, STM32U595AIH6, STM32U595AIH6Q, STM32U595AJH6, STM32U595AJH6Q, STM32U595QII6, STM32U595QII6Q, STM32U595QJI6, STM32U595QJI6Q, STM32U595RIT6, STM32U595RIT6Q, STM32U595RJT6, STM32U595RJT6Q, STM32U595VIT6, STM32U595VIT6Q, STM32U595VJT6, STM32U595VJT6Q, STM32U595ZIT6, STM32U595ZIT6Q, STM32U595ZIY6QTR, STM32U595ZJT6, STM32U595ZJT6Q, STM32U595ZJY6QTR, STM32U599BJY6QTR, STM32U599NIH6Q, STM32U599NJH6Q, STM32U599VIT6Q, STM32U599VJT6, STM32U599VJT6Q, STM32U599ZIT6Q, STM32U599ZIY6QTR, STM32U599ZJT6Q, STM32U599ZJY6QTR, STM32U5A5AJH6, STM32U5A5AJH6Q, STM32U5A5QJI6, STM32U5A5QJI6Q, STM32U5A5RJT6, STM32U5A5RJT6Q, STM32U5A5VJT6, STM32U5A5VJT6Q, STM32U5A5ZJT6, STM32U5A5ZJT6Q, STM32U5A5ZJY6QTR, STM32U5A9BJY6QTR, STM32U5A9J-DK, STM32U5A9NJH6Q, STM32U5A9VJT6Q, STM32U5A9ZJT6Q, STM32U5A9ZJY6QTR, STM32WB1MMCH6, STM32WBA52CEU6, STM32WBA52CEU6T, STM32WBA52CGU6, STM32WBA52CGU6T, STM32WL5MOCH6, STM32WL5MOCH6TR]
2023-06-11 09:45:59,550 [INFO] DbMcus:216 - Found 3775 MCUs, 3775 are supported
2023-06-11 09:45:59,551 [INFO] ApiDb:414 - User favorites file not found: /Users/jberjano/.stm32cubeide/favorites.mcus.txt
2023-06-11 09:45:59,552 [INFO] DbMcus:222 - Set 0 / 0 favorites MCUs
2023-06-11 09:45:59,805 [INFO] ApiDb:668 - CubeFinder database Data Model version=2.1
2023-06-11 09:45:59,806 [INFO] ApiDb:669 - CubeFinder database Configuration version=3.0.35
2023-06-11 09:45:59,806 [INFO] ApiDb:670 - CubeFinder database generation date=2023-05-12 (1683877179)
2023-06-11 09:45:59,806 [INFO] ApiDb:671 - CubeFinder database FW Pack versions=[FP-ATR-ASTRA1_V2.0.0, FP-SNS-FLIGHT1_V5.0.0, FP-SNS-MOTENV1_V4.3.0, STM32Cube_FW_C0_V1.0.1, STM32Cube_FW_F0_V1.11.4, STM32Cube_FW_F3_V1.11.4, STM32Cube_FW_F4_V1.27.1, STM32Cube_FW_F7_V1.17.0, STM32Cube_FW_G0_V1.6.1, STM32Cube_FW_G4_V1.5.1, STM32Cube_FW_H5_V0.5.1, STM32Cube_FW_H5_V1.0.0, STM32Cube_FW_H7_V1.11.0, STM32Cube_FW_L0_V1.12.2, STM32Cube_FW_L5_V1.5.0, STM32Cube_FW_U5_V1.2.0, STM32Cube_FW_WBA_V1.0.0, STM32Cube_FW_WBA_V1.0.0RC1, STM32Cube_FW_WBA_V1.0.0RC3, STM32Cube_FW_WB_V1.15.0RC1, STM32Cube_FW_WB_V1.16.0, STM32Cube_FW_WB_V1.16.0RC2, STM32Cube_FW_WL_V1.3.0, X-CUBE-ALGOBUILD_V1.3.0, X-CUBE-ALS_V1.0.1, X-CUBE-AZRTOS-F4_V1.1.0, X-CUBE-AZRTOS-F7_V1.1.0, X-CUBE-AZRTOS-G0_V1.1.0, X-CUBE-AZRTOS-G4_V2.0.0, X-CUBE-AZRTOS-H7_V3.1.0, X-CUBE-AZRTOS-L4_V1.0.0, X-CUBE-AZRTOS-L5_V1.1.0, X-CUBE-AZRTOS-WB_V1.1.0, X-CUBE-AZRTOS-WL_V1.0.0, X-CUBE-BLE1_V6.2.4, X-CUBE-BLE2_V3.3.0, X-CUBE-BLEMGR_V2.0.0, X-CUBE-EEPRMA1_V4.1.0, X-CUBE-FREERTOS_V1.0.1, X-CUBE-GNSS1_V6.0.0, X-CUBE-MEMS1_V9.1.0, X-CUBE-MEMS1_V9.4.0, X-CUBE-MEMS1_V9.6.0, X-CUBE-NFC4_V3.0.0, X-CUBE-NFC7_V1.0.0, X-CUBE-SFXS2LP1_V4.0.0, X-CUBE-SUBG2_V5.0.0]
2023-06-11 09:45:59,848 [INFO] DbBoardsSqlite:226 - include board P-NUCLEO-WB55-NUCLEO as a kit item of type 'Nucleo-64'
2023-06-11 09:45:59,849 [INFO] DbBoardsSqlite:226 - include board P-NUCLEO-WB55-USBDONGLE as a kit item of type 'Nucleo USB Dongle'
2023-06-11 09:45:59,849 [INFO] DbBoardsSqlite:226 - include board STEVAL-IDP005V1 as a kit item of type 'Evaluation Board'
2023-06-11 09:45:59,849 [INFO] DbBoardsSqlite:226 - include board STEVAL-IDP005V2 as a kit item of type 'Evaluation Board'
2023-06-11 09:45:59,876 [INFO] ApiDb:240 - Found 297 in-development CPN: [B-G473E-ZEST1S, B-WB1M-WPAN1, B-WL5M-SUBG1, NUCLEO-C031C6, NUCLEO-H503RB, NUCLEO-H563ZI, NUCLEO-U545RE-Q, NUCLEO-U5A5ZJ-Q, NUCLEO-WBA52CG, STEVAL-PROTEUS1, STEVAL-STWINBX1, STM320518-EVAL, STM32C0116-DK, STM32C011D6Y3TR, STM32C011D6Y6TR, STM32C011F4P3, STM32C011F4P6, STM32C011F4U3, STM32C011F4U6TR, STM32C011F6P3, STM32C011F6P6, STM32C011F6U3, STM32C011F6U6TR, STM32C011J4M3, STM32C011J4M6, STM32C011J6M3, STM32C011J6M6, STM32C0316-DK, STM32C031C4T3, STM32C031C4T6, STM32C031C4U3, STM32C031C4U6, STM32C031C6T3, STM32C031C6T6, STM32C031C6U3, STM32C031C6U6, STM32C031F4P3, STM32C031F4P6, STM32C031F6P3, STM32C031F6P6, STM32C031G4U3, STM32C031G4U6, STM32C031G6U3, STM32C031G6U6, STM32C031K4T3, STM32C031K4T6, STM32C031K4U3, STM32C031K4U6, STM32C031K6T3, STM32C031K6T6, STM32C031K6U3, STM32C031K6U6, STM32G071K8TXN, STM32G071K8UXN, STM32G081GBU6N, STM32G081KBT6N, STM32G081KBUXN, STM32G0B1CCT6N, STM32G0B1KCT6, STM32G0B1NEY6TR, STM32G0B1RCT6N, STM32G0C1CCT6, STM32G0C1CCT6N, STM32G0C1CCU6N, STM32G0C1CET6N, STM32G0C1CEU6N, STM32G0C1KCT6, STM32G0C1NEY6TR, STM32G0C1RCI6N, STM32G0C1RCT6N, STM32G0C1REI6N, STM32G0C1RET6N, STM32G0C1VCI6, STM32G0C1VEI6, STM32G471CCT6, STM32G471CCU6, STM32G471CET3, STM32G471CET6, STM32G471CEU3, STM32G471CEU6, STM32G471MCT6, STM32G471MET3, STM32G471MET6, STM32G471MEY6TR, STM32G471QCT6, STM32G471QET3, STM32G471RCT6, STM32G471RET3, STM32G471RET6, STM32G471VCH6, STM32G471VCI6, STM32G471VCT6, STM32G471VEH3, STM32G471VEH6, STM32G471VEI3, STM32G471VEI6, STM32G471VET3, STM32G471VET6, STM32G474CCT6, STM32H503CBT6, STM32H503CBU6, STM32H503EBY6TR, STM32H503KBU6, STM32H503RBT6, STM32H562AGI6, STM32H562AII6, STM32H562IGK6, STM32H562IGT6, STM32H562IIK6, STM32H562IIT6, STM32H562RGT6, STM32H562RGV6, STM32H562RIT6, STM32H562RIV6, STM32H562VGT6, STM32H562VIT6, STM32H562ZGT6, STM32H562ZIT6, STM32H563AGI6, STM32H563AII3Q, STM32H563AII6, STM32H563IGK6, STM32H563IGT6, STM32H563IIK3Q, STM32H563IIK6, STM32H563IIT3Q, STM32H563IIT6, STM32H563MIY3QTR, STM32H563RGT6, STM32H563RGV6, STM32H563RIT6, STM32H563RIV6, STM32H563VGT6, STM32H563VIT3Q, STM32H563VIT6, STM32H563ZGT6, STM32H563ZIT3Q, STM32H563ZIT6, STM32H573AII3Q, STM32H573AII6, STM32H573I-DK, STM32H573IIK3Q, STM32H573IIK6, STM32H573IIT3Q, STM32H573IIT6, STM32H573MIY3QTR, STM32H573RIT6, STM32H573RIV6, STM32H573VIT3Q, STM32H573VIT6, STM32H573ZIT3Q, STM32H573ZIT6, STM32L4R5QGI6STR, STM32MP131AAE3, STM32MP131AAF3, STM32MP131AAG3, STM32MP131CAE3, STM32MP131CAF3, STM32MP131CAG3, STM32MP131DAE7, STM32MP131DAF7, STM32MP131DAG7, STM32MP131FAE7, STM32MP131FAF7, STM32MP131FAG7, STM32MP133AAE3, STM32MP133AAF3, STM32MP133AAG3, STM32MP133CAE3, STM32MP133CAF3, STM32MP133CAG3, STM32MP133DAE7, STM32MP133DAF7, STM32MP133DAG7, STM32MP133FAE7, STM32MP133FAF7, STM32MP133FAG7, STM32MP135AAE3, STM32MP135AAF3, STM32MP135AAG3, STM32MP135CAE3, STM32MP135CAF3, STM32MP135CAG3, STM32MP135DAE7, STM32MP135DAF7, STM32MP135DAG7, STM32MP135F-DK, STM32MP135FAE7, STM32MP135FAF7, STM32MP135FAF7T, STM32MP135FAF7U, STM32MP135FAG7, STM32U535CBT6, STM32U535CBT6Q, STM32U535CBU6, STM32U535CBU6Q, STM32U535CCT6, STM32U535CCT6Q, STM32U535CCU6, STM32U535CCU6Q, STM32U535CET6, STM32U535CET6Q, STM32U535CEU6, STM32U535CEU6Q, STM32U535JEY6QTR, STM32U535NCY6QTR, STM32U535NEY6QTR, STM32U535RBI6, STM32U535RBI6Q, STM32U535RBT6, STM32U535RBT6Q, STM32U535RCI6, STM32U535RCI6Q, STM32U535RCT6, STM32U535RCT6Q, STM32U535REI6, STM32U535REI6Q, STM32U535RET6, STM32U535RET6Q, STM32U535VCI6, STM32U535VCI6Q, STM32U535VCT6, STM32U535VCT6Q, STM32U535VEI6, STM32U535VEI6Q, STM32U535VET6, STM32U535VET6Q, STM32U545CET6, STM32U545CET6Q, STM32U545CEU6, STM32U545CEU6Q, STM32U545JEY6QTR, STM32U545NEY6QTR, STM32U545REI6, STM32U545REI6Q, STM32U545RET6, STM32U545RET6Q, STM32U545VEI6, STM32U545VEI6Q, STM32U545VET6, STM32U545VET6Q, STM32U595AIH6, STM32U595AIH6Q, STM32U595AJH6, STM32U595AJH6Q, STM32U595QII6, STM32U595QII6Q, STM32U595QJI6, STM32U595QJI6Q, STM32U595RIT6, STM32U595RIT6Q, STM32U595RJT6, STM32U595RJT6Q, STM32U595VIT6, STM32U595VIT6Q, STM32U595VJT6, STM32U595VJT6Q, STM32U595ZIT6, STM32U595ZIT6Q, STM32U595ZIY6QTR, STM32U595ZJT6, STM32U595ZJT6Q, STM32U595ZJY6QTR, STM32U599BJY6QTR, STM32U599NIH6Q, STM32U599NJH6Q, STM32U599VIT6Q, STM32U599VJT6, STM32U599VJT6Q, STM32U599ZIT6Q, STM32U599ZIY6QTR, STM32U599ZJT6Q, STM32U599ZJY6QTR, STM32U5A5AJH6, STM32U5A5AJH6Q, STM32U5A5QJI6, STM32U5A5QJI6Q, STM32U5A5RJT6, STM32U5A5RJT6Q, STM32U5A5VJT6, STM32U5A5VJT6Q, STM32U5A5ZJT6, STM32U5A5ZJT6Q, STM32U5A5ZJY6QTR, STM32U5A9BJY6QTR, STM32U5A9J-DK, STM32U5A9NJH6Q, STM32U5A9VJT6Q, STM32U5A9ZJT6Q, STM32U5A9ZJY6QTR, STM32WB1MMCH6, STM32WBA52CEU6, STM32WBA52CEU6T, STM32WBA52CGU6, STM32WBA52CGU6T, STM32WL5MOCH6, STM32WL5MOCH6TR]
2023-06-11 09:45:59,980 [INFO] BoardInfo:880 - No configuration file found for board P-NUCLEO-WB55
2023-06-11 09:45:59,981 [INFO] DbBoards:157 - Kit is not supported: P-NUCLEO-WB55
2023-06-11 09:45:59,985 [INFO] BoardInfo:880 - No configuration file found for board STEVAL-BFA001V1B
2023-06-11 09:45:59,985 [INFO] DbBoards:157 - Kit is not supported: STEVAL-BFA001V1B
2023-06-11 09:45:59,986 [INFO] BoardInfo:880 - No configuration file found for board STEVAL-BFA001V2B
2023-06-11 09:45:59,986 [INFO] DbBoards:157 - Kit is not supported: STEVAL-BFA001V2B
2023-06-11 09:46:00,103 [WARN] PackLoader:240 - Cannot read IP mode file for STMicroelectronics.X-CUBE-SMBUS.2.1.0
2023-06-11 09:46:00,130 [INFO] DbBoards:161 - Found 187 boards, 184 are supported
2023-06-11 09:46:00,132 [INFO] ApiDb:414 - User favorites file not found: /Users/jberjano/.stm32cubeide/favorites.boards.txt
2023-06-11 09:46:00,132 [INFO] DbBoards:190 - Set 0 / 0 favorites Boards
2023-06-11 09:46:00,135 [INFO] ApiDb:668 - CubeFinder database Data Model version=2.1
2023-06-11 09:46:00,135 [INFO] ApiDb:669 - CubeFinder database Configuration version=3.0.35
2023-06-11 09:46:00,135 [INFO] ApiDb:670 - CubeFinder database generation date=2023-05-12 (1683877179)
2023-06-11 09:46:00,135 [INFO] ApiDb:671 - CubeFinder database FW Pack versions=[FP-ATR-ASTRA1_V2.0.0, FP-SNS-FLIGHT1_V5.0.0, FP-SNS-MOTENV1_V4.3.0, STM32Cube_FW_C0_V1.0.1, STM32Cube_FW_F0_V1.11.4, STM32Cube_FW_F3_V1.11.4, STM32Cube_FW_F4_V1.27.1, STM32Cube_FW_F7_V1.17.0, STM32Cube_FW_G0_V1.6.1, STM32Cube_FW_G4_V1.5.1, STM32Cube_FW_H5_V0.5.1, STM32Cube_FW_H5_V1.0.0, STM32Cube_FW_H7_V1.11.0, STM32Cube_FW_L0_V1.12.2, STM32Cube_FW_L5_V1.5.0, STM32Cube_FW_U5_V1.2.0, STM32Cube_FW_WBA_V1.0.0, STM32Cube_FW_WBA_V1.0.0RC1, STM32Cube_FW_WBA_V1.0.0RC3, STM32Cube_FW_WB_V1.15.0RC1, STM32Cube_FW_WB_V1.16.0, STM32Cube_FW_WB_V1.16.0RC2, STM32Cube_FW_WL_V1.3.0, X-CUBE-ALGOBUILD_V1.3.0, X-CUBE-ALS_V1.0.1, X-CUBE-AZRTOS-F4_V1.1.0, X-CUBE-AZRTOS-F7_V1.1.0, X-CUBE-AZRTOS-G0_V1.1.0, X-CUBE-AZRTOS-G4_V2.0.0, X-CUBE-AZRTOS-H7_V3.1.0, X-CUBE-AZRTOS-L4_V1.0.0, X-CUBE-AZRTOS-L5_V1.1.0, X-CUBE-AZRTOS-WB_V1.1.0, X-CUBE-AZRTOS-WL_V1.0.0, X-CUBE-BLE1_V6.2.4, X-CUBE-BLE2_V3.3.0, X-CUBE-BLEMGR_V2.0.0, X-CUBE-EEPRMA1_V4.1.0, X-CUBE-FREERTOS_V1.0.1, X-CUBE-GNSS1_V6.0.0, X-CUBE-MEMS1_V9.1.0, X-CUBE-MEMS1_V9.4.0, X-CUBE-MEMS1_V9.6.0, X-CUBE-NFC4_V3.0.0, X-CUBE-NFC7_V1.0.0, X-CUBE-SFXS2LP1_V4.0.0, X-CUBE-SUBG2_V5.0.0]
2023-06-11 09:46:00,145 [WARN] PackLoader:240 - Cannot read IP mode file for STMicroelectronics.X-CUBE-AZRTOS-F7.1.1.0
2023-06-11 09:46:00,166 [ERROR] RealEvaluatedCondition:428 - Found unsupported composite condition: CLASS='Data Exchange' GROUP='STM32_MetaDataManager'
2023-06-11 09:46:00,167 [ERROR] RealEvaluatedCondition:428 - Found unsupported composite condition: CLASS='Data Exchange' GROUP='STM32_MetaDataManager'
2023-06-11 09:46:00,169 [WARN] PackLoader:240 - Cannot read IP mode file for STMicroelectronics.FP-SNS-MOTENV1.4.3.1
2023-06-11 09:46:00,177 [WARN] PackLoader:240 - Cannot read IP mode file for STMicroelectronics.FP-SNS-FLIGHT1.5.0.1
2023-06-11 09:46:00,200 [WARN] PackLoader:240 - Cannot read IP mode file for STMicroelectronics.X-CUBE-BLE1.6.2.4
2023-06-11 09:46:00,222 [WARN] PackLoader:240 - Cannot read IP mode file for STMicroelectronics.X-CUBE-DISPLAY.3.0.0
2023-06-11 09:46:00,248 [INFO] LogOutputStream:77 - [STDOUT_REDIRECT] 1 : Invalid condition id : UX_CORESTACK_Condition cause : null
2023-06-11 09:46:00,251 [INFO] LogOutputStream:77 - [STDOUT_REDIRECT] 1 : Invalid condition id : UX_CORESTACK_Condition cause : null
2023-06-11 09:46:00,251 [INFO] LogOutputStream:77 - [STDOUT_REDIRECT] 1 : Invalid condition id : UX_CORESTACK_Condition cause : null
2023-06-11 09:46:00,251 [INFO] LogOutputStream:77 - [STDOUT_REDIRECT] 1 : Invalid condition id : UX_CORESTACK_Condition cause : null
2023-06-11 09:46:00,251 [INFO] LogOutputStream:77 - [STDOUT_REDIRECT] 1 : Invalid condition id : UX_CORESTACK_Condition cause : null
2023-06-11 09:46:00,261 [WARN] PackLoader:240 - Cannot read IP mode file for STMicroelectronics.X-CUBE-AZRTOS-WL.2.0.0
2023-06-11 09:46:00,276 [WARN] PackLoader:240 - Cannot read IP mode file for WES.I-CUBE-Cesium.1.3.0
2023-06-11 09:46:00,284 [WARN] PackLoader:240 - Cannot read IP mode file for STMicroelectronics.X-CUBE-BLE2.3.3.0
2023-06-11 09:46:00,289 [WARN] PackLoader:240 - Cannot read IP mode file for STMicroelectronics.X-CUBE-TOUCHGFX.4.21.4
2023-06-11 09:46:00,295 [WARN] PackLoader:240 - Cannot read IP mode file for STMicroelectronics.X-CUBE-ALGOBUILD.1.3.0
2023-06-11 09:46:00,315 [WARN] PackLoader:240 - Cannot read IP mode file for STMicroelectronics.X-CUBE-AZRTOS-G0.1.1.0
2023-06-11 09:46:00,324 [WARN] PackLoader:240 - Cannot read IP mode file for STMicroelectronics.X-CUBE-NFC4.3.0.0
2023-06-11 09:46:00,328 [WARN] PackLoader:240 - Cannot read IP mode file for STMicroelectronics.FP-ATR-SIGFOX1.3.2.0
2023-06-11 09:46:00,366 [WARN] PackLoader:240 - Cannot read IP mode file for SEGGER.I-CUBE-embOS.1.3.1
2023-06-11 09:46:00,406 [WARN] PackLoader:240 - Cannot read IP mode file for STMicroelectronics.X-CUBE-GNSS1.6.0.0
2023-06-11 09:46:00,436 [WARN] PackLoader:240 - Cannot read IP mode file for STMicroelectronics.X-CUBE-AZRTOS-F4.1.1.0
2023-06-11 09:46:00,444 [WARN] PackLoader:240 - Cannot read IP mode file for wolfSSL.I-CUBE-wolfSSL.5.6.0
2023-06-11 09:46:00,504 [WARN] PackLoader:240 - Cannot read IP mode file for STMicroelectronics.X-CUBE-MEMS1.9.6.0
2023-06-11 09:46:00,614 [WARN] PackLoader:240 - Cannot read IP mode file for emotas.I-CUBE-CANOPEN.1.1.3
2023-06-11 09:46:00,632 [WARN] PackLoader:240 - Cannot read IP mode file for STMicroelectronics.X-CUBE-BLEMGR.2.0.0
2023-06-11 09:46:00,660 [WARN] ConditionMgr:438 - getConditionDescription Invalid condition id : UX DEVICE CLASS RTOS Condition cause : null
2023-06-11 09:46:00,661 [WARN] ConditionMgr:438 - getConditionDescription Invalid condition id : UX DEVICE CLASS RTOS Condition cause : null
2023-06-11 09:46:00,669 [WARN] PackLoader:240 - Cannot read IP mode file for STMicroelectronics.X-CUBE-AZRTOS-H7.3.1.0
2023-06-11 09:46:00,671 [WARN] ConditionMgr:1039 - genDependencies : Invalid condition id : UX DEVICE CLASS RTOS Condition cause : null
2023-06-11 09:46:00,671 [WARN] ConditionMgr:1039 - genDependencies : Invalid condition id : UX DEVICE CLASS RTOS Condition cause : null
2023-06-11 09:46:00,673 [WARN] ConditionMgr:1039 - genDependencies : Invalid condition id : UX DEVICE CLASS RTOS Condition cause : null
2023-06-11 09:46:00,673 [WARN] ConditionMgr:1039 - genDependencies : Invalid condition id : UX DEVICE CLASS RTOS Condition cause : null
2023-06-11 09:46:00,674 [WARN] ConditionMgr:1039 - genDependencies : Invalid condition id : UX DEVICE CLASS RTOS Condition cause : null
2023-06-11 09:46:00,682 [WARN] PackLoader:240 - Cannot read IP mode file for STMicroelectronics.X-CUBE-NFC7.1.0.0
2023-06-11 09:46:00,687 [WARN] PackLoader:240 - Cannot read IP mode file for STMicroelectronics.X-CUBE-EEPRMA1.4.1.0
2023-06-11 09:46:00,717 [WARN] ConditionMgr:438 - getConditionDescription Invalid condition id : LAN8742 Phy interface Condition cause : null
2023-06-11 09:46:00,718 [WARN] PackLoader:240 - Cannot read IP mode file for STMicroelectronics.X-CUBE-AZRTOS-L4.2.0.0
2023-06-11 09:46:00,721 [WARN] ConditionMgr:1039 - genDependencies : Invalid condition id : LAN8742 Phy interface Condition cause : null
2023-06-11 09:46:00,721 [WARN] ConditionMgr:1039 - genDependencies : Invalid condition id : LAN8742 Phy interface Condition cause : null
2023-06-11 09:46:00,722 [WARN] ConditionMgr:1039 - genDependencies : Invalid condition id : LAN8742 Phy interface Condition cause : null
2023-06-11 09:46:00,729 [WARN] PackLoader:240 - Cannot read IP mode file for STMicroelectronics.X-CUBE-SFXS2LP1.4.0.0
2023-06-11 09:46:00,733 [WARN] PackLoader:240 - Cannot read IP mode file for STMicroelectronics.X-CUBE-ISPU.1.1.0
2023-06-11 09:46:00,743 [WARN] PackLoader:240 - Cannot read IP mode file for STMicroelectronics.X-CUBE-FREERTOS.1.0.1
2023-06-11 09:46:00,774 [WARN] PackLoader:240 - Cannot read IP mode file for STMicroelectronics.X-CUBE-AZRTOS-L5.1.1.0
2023-06-11 09:46:00,785 [WARN] PackLoader:240 - Cannot read IP mode file for STMicroelectronics.X-CUBE-AI.8.0.1
2023-06-11 09:46:00,808 [WARN] PackLoader:240 - Cannot read IP mode file for STMicroelectronics.X-CUBE-SUBG2.5.0.0
2023-06-11 09:46:00,835 [WARN] PackLoader:240 - Cannot read IP mode file for STMicroelectronics.X-CUBE-AZRTOS-G4.2.0.0
2023-06-11 09:46:00,850 [WARN] PackLoader:240 - Cannot read IP mode file for STMicroelectronics.X-CUBE-TOF1.3.3.0
2023-06-11 09:46:00,861 [WARN] PackLoader:240 - Cannot read IP mode file for portGmbH.I-Cube-SoM-uGOAL.1.1.0
2023-06-11 09:46:00,864 [WARN] PackLoader:240 - Cannot read IP mode file for STMicroelectronics.X-CUBE-ALS.1.0.1
2023-06-11 09:46:00,881 [WARN] PackLoader:240 - Cannot read IP mode file for STMicroelectronics.X-CUBE-AZRTOS-WB.1.1.0
2023-06-11 09:46:00,889 [WARN] PackLoader:240 - Cannot read IP mode file for STMicroelectronics.FP-ATR-ASTRA1.2.0.0
2023-06-11 09:46:00,890 [INFO] ThirdParty:978 - Integrity check success = true
2023-06-11 09:46:00,890 [INFO] IntegrityCheckThread:100 - exiting critical section [integrity check]
2023-06-11 09:46:00,890 [INFO] IntegrityCheckThread:103 - End integrity checks thread
2023-06-11 09:46:01,068 [INFO] DbExamplesSqlite:376 - Ignored 45 examples not supported by CubeIDE
2023-06-11 09:46:01,069 [INFO] DbExamplesSqlite:377 - Found 7342 examples active
2023-06-11 09:46:01,070 [INFO] DbExamplesSqlite:378 - Found 1107 examples obsolete
2023-06-11 09:46:01,071 [INFO] DbExamplesSqlite:379 - Found 0 examples under development
2023-06-11 09:46:01,071 [INFO] DbExamplesSqlite:380 - Found 77 examples not building
2023-06-11 09:46:01,073 [INFO] DbExamples:125 - Found 7374 examples
2023-06-11 09:46:01,087 [INFO] DbExamples:222 - Found 92 boards with related examples
2023-06-11 09:46:01,088 [INFO] DbExamples:235 - Found 78 MCUs with related examples
2023-06-11 09:46:01,103 [INFO] ApiDb:414 - User favorites file not found: /Users/jberjano/.stm32cubeide/favorites.examples.txt
2023-06-11 09:46:01,103 [INFO] DbExamples:250 - Set 0 / 0 favorites Examples
2023-06-11 09:46:01,462 [INFO] McuFinderGlobals:66 - Set McuFinderConnectedMode to true
2023-06-11 09:46:01,473 [INFO] MultiScanPanel:200 - Auto-refresh data requested => check proxy status ongoing
2023-06-11 09:46:01,477 [INFO] FinderPluginLoader:95 - Searching for filters in installed packs
2023-06-11 09:46:02,920 [INFO] LoadUrlFilesThread:185 - End of LoadServerUrlFiles without Thread
2023-06-11 09:46:02,929 [INFO] DetailPanel:341 - Set advertising image to /Users/jberjano/STM32Cube/Repository//en.prom-stm32h5-mcu-finder.jpg
2023-06-11 09:46:29,340 [INFO] MultiScanPanel:200 - Auto-refresh data requested => check proxy status ongoing
2023-06-11 09:46:29,603 [INFO] LoadUrlFilesThread:185 - End of LoadServerUrlFiles without Thread
2023-06-11 09:46:29,606 [INFO] DetailPanel:341 - Set advertising image to /Users/jberjano/STM32Cube/Repository//en.prom-stm32h5-mcu-finder.jpg
2023-06-11 09:47:07,447 [INFO] MetaSearchPanel:254 - search for filter with key=STM32F4
2023-06-11 09:47:07,452 [INFO] MetaSearchPanel:355 - search for filter component McuSeries
2023-06-11 09:47:07,453 [INFO] MetaSearchPanel:329 - Collapse all filters sections
2023-06-11 09:47:13,843 [FATAL] CtxDocDbReader:185 - NullPointerException occurs because XML content is empty ? : 
2023-06-11 09:47:13,843 [ERROR] CtxDoc:313 - the reference STM32H5 does not exists in contextual documentation database
2023-06-11 09:47:13,850 [FATAL] CtxDocDbReader:185 - NullPointerException occurs because XML content is empty ? : 
2023-06-11 09:47:13,850 [ERROR] CtxDoc:350 - the reference STM32H5 does not exists in contextual documentation database
2023-06-11 09:47:23,415 [INFO] MetaSearchPanel:254 - search for filter with key=STM32F4
2023-06-11 09:47:23,418 [INFO] MetaSearchPanel:355 - search for filter component McuSeries
2023-06-11 09:47:23,418 [INFO] MetaSearchPanel:329 - Collapse all filters sections
2023-06-11 09:47:41,264 [INFO] MetaSearchPanel:329 - Expand all filters sections
2023-06-11 09:48:51,964 [INFO] BoardResultTable:719 - Mark Board STM32F407G-DISC1 as favorite
2023-06-11 09:49:05,378 [INFO] BoardAction:75 - Docs & Resources
2023-06-11 09:49:41,315 [INFO] ServerAccessManage:473 - Download File UM1472.pdf
2023-06-11 09:49:41,585 [INFO] LoadUrlFilesThread:156 - End of LoadUrlFiles Thread
2023-06-11 09:50:54,453 [INFO] ServerAccessManage:473 - Download File UM1467.pdf
2023-06-11 09:50:54,872 [INFO] LoadUrlFilesThread:156 - End of LoadUrlFiles Thread
2023-06-11 09:51:24,223 [INFO] ServerAccessManage:473 - Download File UM2052.pdf
2023-06-11 09:51:24,538 [INFO] LoadUrlFilesThread:156 - End of LoadUrlFiles Thread
2023-06-11 09:52:31,604 [INFO] ServerAccessManage:473 - Download File DB1421.pdf
2023-06-11 09:52:31,977 [INFO] LoadUrlFilesThread:156 - End of LoadUrlFiles Thread
2023-06-11 09:52:31,998 [INFO] BoardAction:139 - Datasheet
2023-06-11 09:53:39,895 [INFO] McuFinderGlobals:66 - Set McuFinderConnectedMode to true
2023-06-11 09:53:39,903 [INFO] ApiDb:448 - Save user favorites file /Users/jberjano/.stm32cubeide/favorites.mcus.txt: 0 item(s)
2023-06-11 09:53:39,905 [INFO] ApiDb:452 - User favorites MCUs=[]
2023-06-11 09:53:39,917 [INFO] ApiDb:448 - Save user favorites file /Users/jberjano/.stm32cubeide/favorites.boards.txt: 1 item(s)
2023-06-11 09:53:39,919 [INFO] ApiDb:452 - User favorites Boards=[STM32F407G-DISC1]
